[ 2018-09-30T13:25:41+08:00 ] 10.22.1.199 /mzz/
INFO: [ app_init ] --START--
INFO: Run Behavior\BuildLiteBehavior [ RunTime:0.000026s ]
INFO: [ app_init ] --END-- [ RunTime:0.006297s ]
INFO: [ app_begin ] --START--
INFO: Run Behavior\ReadHtmlCacheBehavior [ RunTime:0.004856s ]
INFO: [ app_begin ] --END-- [ RunTime:0.004989s ]
INFO: [ view_parse ] --START--
INFO: [ template_filter ] --START--
INFO: Run Behavior\ContentReplaceBehavior [ RunTime:0.009244s ]
INFO: [ template_filter ] --END-- [ RunTime:0.009366s ]
INFO: Run Behavior\ParseTemplateBehavior [ RunTime:0.084178s ]
INFO: [ view_parse ] --END-- [ RunTime:0.084297s ]
INFO: [ view_filter ] --START--
INFO: Run Behavior\WriteHtmlCacheBehavior [ RunTime:0.008470s ]
INFO: [ view_filter ] --END-- [ RunTime:0.008574s ]
INFO: [ app_end ] --START--
INFO: Run Behavior\ShowPageTraceBehavior [ RunTime:0.005029s ]
INFO: [ app_end ] --END-- [ RunTime:0.005144s ]

[ 2018-09-30T15:44:21+08:00 ] ::1 /mzz/index.php?m=Home&c=Huzan&a=getOTask&qq=1540811286&type=QZONE_LIULAN
INFO: [ app_init ] --START--
INFO: Run Behavior\BuildLiteBehavior [ RunTime:0.000040s ]
INFO: [ app_init ] --END-- [ RunTime:0.001568s ]
INFO: [ app_begin ] --START--
INFO: Run Behavior\ReadHtmlCacheBehavior [ RunTime:0.008204s ]
INFO: [ app_begin ] --END-- [ RunTime:0.008410s ]
NOTIC: [8] Use of undefined constant QQ_ZAN100 - assumed 'QQ_ZAN100' D:\wamp64\www\mzz\ThinkPHP\Common\functions.php 第 681 行.
NOTIC: [8] Use of undefined constant QQ_ZAN300 - assumed 'QQ_ZAN300' D:\wamp64\www\mzz\ThinkPHP\Common\functions.php 第 681 行.
NOTIC: [8] Use of undefined constant QQ_ZAN500 - assumed 'QQ_ZAN500' D:\wamp64\www\mzz\ThinkPHP\Common\functions.php 第 681 行.
NOTIC: [8] Use of undefined constant QQ_ZAN1000 - assumed 'QQ_ZAN1000' D:\wamp64\www\mzz\ThinkPHP\Common\functions.php 第 681 行.
NOTIC: [8] Use of undefined constant QZONE_LIULAN - assumed 'QZONE_LIULAN' D:\wamp64\www\mzz\ThinkPHP\Common\functions.php 第 681 行.
NOTIC: [8] Use of undefined constant QZONE_ZAN - assumed 'QZONE_ZAN' D:\wamp64\www\mzz\ThinkPHP\Common\functions.php 第 681 行.
NOTIC: [8] Use of undefined constant QZONE_COMMENT - assumed 'QZONE_COMMENT' D:\wamp64\www\mzz\ThinkPHP\Common\functions.php 第 681 行.
NOTIC: [8] Use of undefined constant SS_ZAN - assumed 'SS_ZAN' D:\wamp64\www\mzz\ThinkPHP\Common\functions.php 第 681 行.
NOTIC: [8] Use of undefined constant SS_COMMENT - assumed 'SS_COMMENT' D:\wamp64\www\mzz\ThinkPHP\Common\functions.php 第 681 行.
SQL: SHOW COLUMNS FROM `huzan_task` [ RunTime:0.1401s ]
SQL: SHOW COLUMNS FROM `huzan_report` [ RunTime:0.0030s ]
SQL: SELECT * FROM `huzan_report` WHERE ( qq='1540811286' and type='QZONE_LIULAN' and create_time>'2018-09-30' )  [ RunTime:0.0003s ]
SQL: SELECT * FROM `huzan_task` WHERE ( type='QZONE_LIULAN' and remain_num > 0 and qq not in (1540811286) ) ORDER BY remain_num desc LIMIT 0,20   [ RunTime:0.0334s ]
NOTIC: [8] Use of undefined constant status - assumed 'status' D:\wamp64\www\mzz\Application\Home\Controller\HuzanController.class.php 第 211 行.
NOTIC: [8] Use of undefined constant data - assumed 'data' D:\wamp64\www\mzz\Application\Home\Controller\HuzanController.class.php 第 212 行.
NOTIC: [8] Use of undefined constant msg - assumed 'msg' D:\wamp64\www\mzz\Application\Home\Controller\HuzanController.class.php 第 213 行.

[ 2018-09-30T15:44:58+08:00 ] ::1 /mzz/index.php?m=Home&c=Huzan&a=getOTask&qq=1540811286&type=QZONE_LIULAN
INFO: [ app_init ] --START--
INFO: Run Behavior\BuildLiteBehavior [ RunTime:0.000041s ]
INFO: [ app_init ] --END-- [ RunTime:0.001062s ]
INFO: [ app_begin ] --START--
INFO: Run Behavior\ReadHtmlCacheBehavior [ RunTime:0.001360s ]
INFO: [ app_begin ] --END-- [ RunTime:0.002048s ]
NOTIC: [8] Use of undefined constant QQ_ZAN100 - assumed 'QQ_ZAN100' D:\wamp64\www\mzz\ThinkPHP\Common\functions.php 第 681 行.
NOTIC: [8] Use of undefined constant QQ_ZAN300 - assumed 'QQ_ZAN300' D:\wamp64\www\mzz\ThinkPHP\Common\functions.php 第 681 行.
NOTIC: [8] Use of undefined constant QQ_ZAN500 - assumed 'QQ_ZAN500' D:\wamp64\www\mzz\ThinkPHP\Common\functions.php 第 681 行.
NOTIC: [8] Use of undefined constant QQ_ZAN1000 - assumed 'QQ_ZAN1000' D:\wamp64\www\mzz\ThinkPHP\Common\functions.php 第 681 行.
NOTIC: [8] Use of undefined constant QZONE_LIULAN - assumed 'QZONE_LIULAN' D:\wamp64\www\mzz\ThinkPHP\Common\functions.php 第 681 行.
NOTIC: [8] Use of undefined constant QZONE_ZAN - assumed 'QZONE_ZAN' D:\wamp64\www\mzz\ThinkPHP\Common\functions.php 第 681 行.
NOTIC: [8] Use of undefined constant QZONE_COMMENT - assumed 'QZONE_COMMENT' D:\wamp64\www\mzz\ThinkPHP\Common\functions.php 第 681 行.
NOTIC: [8] Use of undefined constant SS_ZAN - assumed 'SS_ZAN' D:\wamp64\www\mzz\ThinkPHP\Common\functions.php 第 681 行.
NOTIC: [8] Use of undefined constant SS_COMMENT - assumed 'SS_COMMENT' D:\wamp64\www\mzz\ThinkPHP\Common\functions.php 第 681 行.
SQL: SHOW COLUMNS FROM `huzan_task` [ RunTime:0.0026s ]
SQL: SHOW COLUMNS FROM `huzan_report` [ RunTime:0.0020s ]
SQL: SELECT * FROM `huzan_report` WHERE ( qq='1540811286' and type='QZONE_LIULAN' and create_time>'2018-09-30' )  [ RunTime:0.0003s ]
SQL: SELECT * FROM `huzan_task` WHERE ( type='QZONE_LIULAN' and remain_num > 0 and qq not in (1540811286) ) ORDER BY remain_num desc LIMIT 0,20   [ RunTime:0.0005s ]
NOTIC: [8] Use of undefined constant status - assumed 'status' D:\wamp64\www\mzz\Application\Home\Controller\HuzanController.class.php 第 211 行.
NOTIC: [8] Use of undefined constant data - assumed 'data' D:\wamp64\www\mzz\Application\Home\Controller\HuzanController.class.php 第 212 行.
NOTIC: [8] Use of undefined constant msg - assumed 'msg' D:\wamp64\www\mzz\Application\Home\Controller\HuzanController.class.php 第 213 行.
NOTIC: [2] Cannot modify header information - headers already sent by (output started at D:\wamp64\www\mzz\Application\Home\Controller\HuzanController.class.php:201) D:\wamp64\www\mzz\ThinkPHP\Library\Think\Controller.class.php 第 215 行.

