[ 2018-08-25T16:55:11+08:00 ] ::1 /mzz/
INFO: [ app_init ] --START--
INFO: Run Behavior\BuildLiteBehavior [ RunTime:0.000026s ]
INFO: [ app_init ] --END-- [ RunTime:0.006532s ]
INFO: [ app_begin ] --START--
INFO: Run Behavior\ReadHtmlCacheBehavior [ RunTime:0.007183s ]
INFO: [ app_begin ] --END-- [ RunTime:0.007316s ]
INFO: [ view_parse ] --START--
INFO: [ template_filter ] --START--
INFO: Run Behavior\ContentReplaceBehavior [ RunTime:0.025306s ]
INFO: [ template_filter ] --END-- [ RunTime:0.025478s ]
INFO: Run Behavior\ParseTemplateBehavior [ RunTime:0.071865s ]
INFO: [ view_parse ] --END-- [ RunTime:0.072029s ]
INFO: [ view_filter ] --START--
INFO: Run Behavior\WriteHtmlCacheBehavior [ RunTime:0.011517s ]
INFO: [ view_filter ] --END-- [ RunTime:0.011642s ]
INFO: [ app_end ] --START--
INFO: Run Behavior\ShowPageTraceBehavior [ RunTime:0.005108s ]
INFO: [ app_end ] --END-- [ RunTime:0.005262s ]

[ 2018-08-25T16:55:18+08:00 ] ::1 /mzz/index.php?m=Home&c=User&a=verifycode
INFO: [ app_init ] --START--
INFO: Run Behavior\BuildLiteBehavior [ RunTime:0.000027s ]
INFO: [ app_init ] --END-- [ RunTime:0.001732s ]
INFO: [ app_begin ] --START--
INFO: Run Behavior\ReadHtmlCacheBehavior [ RunTime:0.000879s ]
INFO: [ app_begin ] --END-- [ RunTime:0.001045s ]
INFO: [ app_end ] --START--
INFO: Run Behavior\ShowPageTraceBehavior [ RunTime:0.001233s ]
INFO: [ app_end ] --END-- [ RunTime:0.001524s ]

