[ 2018-08-30T00:00:06+08:00 ] ::1 /mzz/index.php?m=Admin&c=Cash&a=index
INFO: [ app_init ] --START--
INFO: Run Behavior\BuildLiteBehavior [ RunTime:0.000037s ]
INFO: [ app_init ] --END-- [ RunTime:0.000750s ]
INFO: [ app_begin ] --START--
INFO: Run Behavior\ReadHtmlCacheBehavior [ RunTime:0.000758s ]
INFO: [ app_begin ] --END-- [ RunTime:0.000885s ]
SQL: SHOW COLUMNS FROM `goods_spec` [ RunTime:0.0020s ]
SQL: SELECT * FROM `goods_spec` WHERE ( goods_id='0' )  [ RunTime:0.0004s ]
INFO: [ view_parse ] --START--
INFO: [ template_filter ] --START--
INFO: Run Behavior\ContentReplaceBehavior [ RunTime:0.000159s ]
INFO: [ template_filter ] --END-- [ RunTime:0.000261s ]
NOTIC: [8] Use of undefined constant cash - assumed 'cash' D:\wamp64\www\mzz\Application\Runtime\Cache\Admin\1b46602b281112a3b38c8ba1dd86b54e.php 第 133 行.
NOTIC: [8] Use of undefined constant index - assumed 'index' D:\wamp64\www\mzz\Application\Runtime\Cache\Admin\1b46602b281112a3b38c8ba1dd86b54e.php 第 133 行.
NOTIC: [8] Use of undefined constant cash - assumed 'cash' D:\wamp64\www\mzz\Application\Runtime\Cache\Admin\1b46602b281112a3b38c8ba1dd86b54e.php 第 135 行.
NOTIC: [8] Use of undefined constant node - assumed 'node' D:\wamp64\www\mzz\Application\Runtime\Cache\Admin\1b46602b281112a3b38c8ba1dd86b54e.php 第 135 行.
NOTIC: [8] Use of undefined constant cash - assumed 'cash' D:\wamp64\www\mzz\Application\Runtime\Cache\Admin\1b46602b281112a3b38c8ba1dd86b54e.php 第 136 行.
NOTIC: [8] Use of undefined constant cashier - assumed 'cashier' D:\wamp64\www\mzz\Application\Runtime\Cache\Admin\1b46602b281112a3b38c8ba1dd86b54e.php 第 136 行.
NOTIC: [8] Use of undefined constant cash - assumed 'cash' D:\wamp64\www\mzz\Application\Runtime\Cache\Admin\1b46602b281112a3b38c8ba1dd86b54e.php 第 138 行.
NOTIC: [8] Use of undefined constant system - assumed 'system' D:\wamp64\www\mzz\Application\Runtime\Cache\Admin\1b46602b281112a3b38c8ba1dd86b54e.php 第 138 行.
NOTIC: [8] Use of undefined constant cash - assumed 'cash' D:\wamp64\www\mzz\Application\Runtime\Cache\Admin\1b46602b281112a3b38c8ba1dd86b54e.php 第 140 行.
NOTIC: [8] Use of undefined constant cash - assumed 'cash' D:\wamp64\www\mzz\Application\Runtime\Cache\Admin\1b46602b281112a3b38c8ba1dd86b54e.php 第 140 行.
NOTIC: [8] Use of undefined constant cash - assumed 'cash' D:\wamp64\www\mzz\Application\Runtime\Cache\Admin\1b46602b281112a3b38c8ba1dd86b54e.php 第 141 行.
NOTIC: [8] Use of undefined constant user - assumed 'user' D:\wamp64\www\mzz\Application\Runtime\Cache\Admin\1b46602b281112a3b38c8ba1dd86b54e.php 第 141 行.
NOTIC: [8] Use of undefined constant cash - assumed 'cash' D:\wamp64\www\mzz\Application\Runtime\Cache\Admin\1b46602b281112a3b38c8ba1dd86b54e.php 第 142 行.
NOTIC: [8] Use of undefined constant pubg - assumed 'pubg' D:\wamp64\www\mzz\Application\Runtime\Cache\Admin\1b46602b281112a3b38c8ba1dd86b54e.php 第 142 行.
INFO: Run Behavior\ParseTemplateBehavior [ RunTime:0.014242s ]
INFO: [ view_parse ] --END-- [ RunTime:0.014355s ]
INFO: [ view_filter ] --START--
INFO: Run Behavior\WriteHtmlCacheBehavior [ RunTime:0.000653s ]
INFO: [ view_filter ] --END-- [ RunTime:0.000749s ]
INFO: [ app_end ] --START--
INFO: Run Behavior\ShowPageTraceBehavior [ RunTime:0.000874s ]
INFO: [ app_end ] --END-- [ RunTime:0.000989s ]

[ 2018-08-30T00:00:10+08:00 ] ::1 /mzz/index.php?m=Admin&c=User&a=getUser&user=telanx
INFO: [ app_init ] --START--
INFO: Run Behavior\BuildLiteBehavior [ RunTime:0.000028s ]
INFO: [ app_init ] --END-- [ RunTime:0.000740s ]
INFO: [ app_begin ] --START--
INFO: Run Behavior\ReadHtmlCacheBehavior [ RunTime:0.000748s ]
INFO: [ app_begin ] --END-- [ RunTime:0.000849s ]
SQL: select A.user, A.qq, B.points from user_user A left join user_balance B on A.user=B.user where A.user='telanx' [ RunTime:0.0008s ]

[ 2018-08-30T00:00:14+08:00 ] ::1 /mzz/index.php?m=Admin&c=Cash&a=recharge
INFO: [ app_init ] --START--
INFO: Run Behavior\BuildLiteBehavior [ RunTime:0.000024s ]
INFO: [ app_init ] --END-- [ RunTime:0.000658s ]
INFO: [ app_begin ] --START--
INFO: Run Behavior\ReadHtmlCacheBehavior [ RunTime:0.000752s ]
INFO: [ app_begin ] --END-- [ RunTime:0.000857s ]
SQL: SHOW COLUMNS FROM `user_balance` [ RunTime:0.0005s ]
SQL: SHOW COLUMNS FROM `card` [ RunTime:0.0009s ]
SQL: SELECT * FROM `card` WHERE ( card_no='aaa' and charge_user is NULL ) LIMIT 1   [ RunTime:0.0005s ]
NOTIC: [8] Use of undefined constant status - assumed 'status' D:\wamp64\www\mzz\Application\Admin\Controller\CashController.class.php 第 58 行.
NOTIC: [8] Use of undefined constant msg - assumed 'msg' D:\wamp64\www\mzz\Application\Admin\Controller\CashController.class.php 第 59 行.

[ 2018-08-30T00:00:19+08:00 ] ::1 /mzz/index.php?m=Admin&c=Cash&a=recharge
INFO: [ app_init ] --START--
INFO: Run Behavior\BuildLiteBehavior [ RunTime:0.000023s ]
INFO: [ app_init ] --END-- [ RunTime:0.000572s ]
INFO: [ app_begin ] --START--
INFO: Run Behavior\ReadHtmlCacheBehavior [ RunTime:0.000730s ]
INFO: [ app_begin ] --END-- [ RunTime:0.000832s ]
SQL: SHOW COLUMNS FROM `user_balance` [ RunTime:0.0005s ]
NOTIC: [8] Use of undefined constant status - assumed 'status' D:\wamp64\www\mzz\Application\Admin\Controller\CashController.class.php 第 84 行.
NOTIC: [8] Use of undefined constant msg - assumed 'msg' D:\wamp64\www\mzz\Application\Admin\Controller\CashController.class.php 第 85 行.
SQL: SHOW COLUMNS FROM `balance_changelog` [ RunTime:0.0010s ]
SQL: SHOW COLUMNS FROM `user_balance` [ RunTime:0.0006s ]
SQL: SELECT * FROM `user_balance` WHERE ( user='telanx' ) LIMIT 1   [ RunTime:0.0003s ]
SQL: UPDATE `user_balance` SET `points`=points+200 WHERE ( user='telanx' ) [ RunTime:0.0007s ]
NOTIC: [8] Use of undefined constant user - assumed 'user' D:\wamp64\www\mzz\Application\Admin\Model\BalanceModel.class.php 第 25 行.
NOTIC: [8] Use of undefined constant type - assumed 'type' D:\wamp64\www\mzz\Application\Admin\Model\BalanceModel.class.php 第 26 行.
NOTIC: [8] Use of undefined constant change_amt - assumed 'change_amt' D:\wamp64\www\mzz\Application\Admin\Model\BalanceModel.class.php 第 27 行.
NOTIC: [8] Use of undefined constant balance - assumed 'balance' D:\wamp64\www\mzz\Application\Admin\Model\BalanceModel.class.php 第 28 行.
NOTIC: [8] Use of undefined constant before_balance - assumed 'before_balance' D:\wamp64\www\mzz\Application\Admin\Model\BalanceModel.class.php 第 29 行.
NOTIC: [8] Use of undefined constant time - assumed 'time' D:\wamp64\www\mzz\Application\Admin\Model\BalanceModel.class.php 第 30 行.
NOTIC: [8] Use of undefined constant remark - assumed 'remark' D:\wamp64\www\mzz\Application\Admin\Model\BalanceModel.class.php 第 31 行.
SQL: INSERT INTO `balance_changelog` (`user`,`type`,`change_amt`,`balance`,`before_balance`,`time`,`remark`) VALUES ('telanx','points','200','10025','9825','2018-08-30 00:00:19','客服充值+200积分') [ RunTime:0.0003s ]
NOTIC: [8] Use of undefined constant status - assumed 'status' D:\wamp64\www\mzz\Application\Admin\Controller\CashController.class.php 第 89 行.
NOTIC: [8] Use of undefined constant msg - assumed 'msg' D:\wamp64\www\mzz\Application\Admin\Controller\CashController.class.php 第 90 行.
NOTIC: [8] Undefined variable: points D:\wamp64\www\mzz\Application\Admin\Controller\CashController.class.php 第 90 行.

[ 2018-08-30T00:00:20+08:00 ] ::1 /mzz/index.php?m=Admin&c=Cash&a=index
INFO: [ app_init ] --START--
INFO: Run Behavior\BuildLiteBehavior [ RunTime:0.000027s ]
INFO: [ app_init ] --END-- [ RunTime:0.000578s ]
INFO: [ app_begin ] --START--
INFO: Run Behavior\ReadHtmlCacheBehavior [ RunTime:0.000800s ]
INFO: [ app_begin ] --END-- [ RunTime:0.000964s ]
SQL: SHOW COLUMNS FROM `goods_spec` [ RunTime:0.0009s ]
SQL: SELECT * FROM `goods_spec` WHERE ( goods_id='0' )  [ RunTime:0.0003s ]
INFO: [ view_parse ] --START--
INFO: [ template_filter ] --START--
INFO: Run Behavior\ContentReplaceBehavior [ RunTime:0.000194s ]
INFO: [ template_filter ] --END-- [ RunTime:0.000298s ]
NOTIC: [8] Use of undefined constant cash - assumed 'cash' D:\wamp64\www\mzz\Application\Runtime\Cache\Admin\1b46602b281112a3b38c8ba1dd86b54e.php 第 133 行.
NOTIC: [8] Use of undefined constant index - assumed 'index' D:\wamp64\www\mzz\Application\Runtime\Cache\Admin\1b46602b281112a3b38c8ba1dd86b54e.php 第 133 行.
NOTIC: [8] Use of undefined constant cash - assumed 'cash' D:\wamp64\www\mzz\Application\Runtime\Cache\Admin\1b46602b281112a3b38c8ba1dd86b54e.php 第 135 行.
NOTIC: [8] Use of undefined constant node - assumed 'node' D:\wamp64\www\mzz\Application\Runtime\Cache\Admin\1b46602b281112a3b38c8ba1dd86b54e.php 第 135 行.
NOTIC: [8] Use of undefined constant cash - assumed 'cash' D:\wamp64\www\mzz\Application\Runtime\Cache\Admin\1b46602b281112a3b38c8ba1dd86b54e.php 第 136 行.
NOTIC: [8] Use of undefined constant cashier - assumed 'cashier' D:\wamp64\www\mzz\Application\Runtime\Cache\Admin\1b46602b281112a3b38c8ba1dd86b54e.php 第 136 行.
NOTIC: [8] Use of undefined constant cash - assumed 'cash' D:\wamp64\www\mzz\Application\Runtime\Cache\Admin\1b46602b281112a3b38c8ba1dd86b54e.php 第 138 行.
NOTIC: [8] Use of undefined constant system - assumed 'system' D:\wamp64\www\mzz\Application\Runtime\Cache\Admin\1b46602b281112a3b38c8ba1dd86b54e.php 第 138 行.
NOTIC: [8] Use of undefined constant cash - assumed 'cash' D:\wamp64\www\mzz\Application\Runtime\Cache\Admin\1b46602b281112a3b38c8ba1dd86b54e.php 第 140 行.
NOTIC: [8] Use of undefined constant cash - assumed 'cash' D:\wamp64\www\mzz\Application\Runtime\Cache\Admin\1b46602b281112a3b38c8ba1dd86b54e.php 第 140 行.
NOTIC: [8] Use of undefined constant cash - assumed 'cash' D:\wamp64\www\mzz\Application\Runtime\Cache\Admin\1b46602b281112a3b38c8ba1dd86b54e.php 第 141 行.
NOTIC: [8] Use of undefined constant user - assumed 'user' D:\wamp64\www\mzz\Application\Runtime\Cache\Admin\1b46602b281112a3b38c8ba1dd86b54e.php 第 141 行.
NOTIC: [8] Use of undefined constant cash - assumed 'cash' D:\wamp64\www\mzz\Application\Runtime\Cache\Admin\1b46602b281112a3b38c8ba1dd86b54e.php 第 142 行.
NOTIC: [8] Use of undefined constant pubg - assumed 'pubg' D:\wamp64\www\mzz\Application\Runtime\Cache\Admin\1b46602b281112a3b38c8ba1dd86b54e.php 第 142 行.
INFO: Run Behavior\ParseTemplateBehavior [ RunTime:0.013171s ]
INFO: [ view_parse ] --END-- [ RunTime:0.013280s ]
INFO: [ view_filter ] --START--
INFO: Run Behavior\WriteHtmlCacheBehavior [ RunTime:0.000630s ]
INFO: [ view_filter ] --END-- [ RunTime:0.000724s ]
INFO: [ app_end ] --START--
INFO: Run Behavior\ShowPageTraceBehavior [ RunTime:0.000773s ]
INFO: [ app_end ] --END-- [ RunTime:0.000882s ]

[ 2018-08-30T00:00:41+08:00 ] ::1 /mzz/index.php?m=Admin&c=User&a=getUser&user=telanx
INFO: [ app_init ] --START--
INFO: Run Behavior\BuildLiteBehavior [ RunTime:0.000023s ]
INFO: [ app_init ] --END-- [ RunTime:0.000572s ]
INFO: [ app_begin ] --START--
INFO: Run Behavior\ReadHtmlCacheBehavior [ RunTime:0.000873s ]
INFO: [ app_begin ] --END-- [ RunTime:0.000991s ]
SQL: select A.user, A.qq, B.points from user_user A left join user_balance B on A.user=B.user where A.user='telanx' [ RunTime:0.0008s ]

[ 2018-08-30T00:00:43+08:00 ] ::1 /mzz/index.php?m=Admin&c=Card&a=index
INFO: [ app_init ] --START--
INFO: Run Behavior\BuildLiteBehavior [ RunTime:0.000023s ]
INFO: [ app_init ] --END-- [ RunTime:0.000539s ]
INFO: [ app_begin ] --START--
INFO: Run Behavior\ReadHtmlCacheBehavior [ RunTime:0.000661s ]
INFO: [ app_begin ] --END-- [ RunTime:0.000769s ]
INFO: [ view_parse ] --START--
INFO: [ template_filter ] --START--
INFO: Run Behavior\ContentReplaceBehavior [ RunTime:0.000307s ]
INFO: [ template_filter ] --END-- [ RunTime:0.000413s ]
NOTIC: [8] Use of undefined constant pubg - assumed 'pubg' D:\wamp64\www\mzz\Application\Runtime\Cache\Admin\6bf28f2589a19501054c03687923c61c.php 第 239 行.
NOTIC: [8] Use of undefined constant index - assumed 'index' D:\wamp64\www\mzz\Application\Runtime\Cache\Admin\6bf28f2589a19501054c03687923c61c.php 第 239 行.
NOTIC: [8] Use of undefined constant pubg - assumed 'pubg' D:\wamp64\www\mzz\Application\Runtime\Cache\Admin\6bf28f2589a19501054c03687923c61c.php 第 241 行.
NOTIC: [8] Use of undefined constant node - assumed 'node' D:\wamp64\www\mzz\Application\Runtime\Cache\Admin\6bf28f2589a19501054c03687923c61c.php 第 241 行.
NOTIC: [8] Use of undefined constant pubg - assumed 'pubg' D:\wamp64\www\mzz\Application\Runtime\Cache\Admin\6bf28f2589a19501054c03687923c61c.php 第 242 行.
NOTIC: [8] Use of undefined constant cashier - assumed 'cashier' D:\wamp64\www\mzz\Application\Runtime\Cache\Admin\6bf28f2589a19501054c03687923c61c.php 第 242 行.
NOTIC: [8] Use of undefined constant pubg - assumed 'pubg' D:\wamp64\www\mzz\Application\Runtime\Cache\Admin\6bf28f2589a19501054c03687923c61c.php 第 244 行.
NOTIC: [8] Use of undefined constant system - assumed 'system' D:\wamp64\www\mzz\Application\Runtime\Cache\Admin\6bf28f2589a19501054c03687923c61c.php 第 244 行.
NOTIC: [8] Use of undefined constant pubg - assumed 'pubg' D:\wamp64\www\mzz\Application\Runtime\Cache\Admin\6bf28f2589a19501054c03687923c61c.php 第 246 行.
NOTIC: [8] Use of undefined constant cash - assumed 'cash' D:\wamp64\www\mzz\Application\Runtime\Cache\Admin\6bf28f2589a19501054c03687923c61c.php 第 246 行.
NOTIC: [8] Use of undefined constant pubg - assumed 'pubg' D:\wamp64\www\mzz\Application\Runtime\Cache\Admin\6bf28f2589a19501054c03687923c61c.php 第 247 行.
NOTIC: [8] Use of undefined constant user - assumed 'user' D:\wamp64\www\mzz\Application\Runtime\Cache\Admin\6bf28f2589a19501054c03687923c61c.php 第 247 行.
NOTIC: [8] Use of undefined constant pubg - assumed 'pubg' D:\wamp64\www\mzz\Application\Runtime\Cache\Admin\6bf28f2589a19501054c03687923c61c.php 第 248 行.
NOTIC: [8] Use of undefined constant pubg - assumed 'pubg' D:\wamp64\www\mzz\Application\Runtime\Cache\Admin\6bf28f2589a19501054c03687923c61c.php 第 248 行.
INFO: Run Behavior\ParseTemplateBehavior [ RunTime:0.013971s ]
INFO: [ view_parse ] --END-- [ RunTime:0.014078s ]
INFO: [ view_filter ] --START--
INFO: Run Behavior\WriteHtmlCacheBehavior [ RunTime:0.000680s ]
INFO: [ view_filter ] --END-- [ RunTime:0.000776s ]
INFO: [ app_end ] --START--
INFO: Run Behavior\ShowPageTraceBehavior [ RunTime:0.001005s ]
INFO: [ app_end ] --END-- [ RunTime:0.001173s ]

[ 2018-08-30T00:00:46+08:00 ] ::1 /mzz/index.php?m=Admin&c=Card&a=search_handler
INFO: [ app_init ] --START--
INFO: Run Behavior\BuildLiteBehavior [ RunTime:0.000023s ]
INFO: [ app_init ] --END-- [ RunTime:0.000549s ]
INFO: [ app_begin ] --START--
INFO: Run Behavior\ReadHtmlCacheBehavior [ RunTime:0.000678s ]
INFO: [ app_begin ] --END-- [ RunTime:0.000767s ]
SQL: SHOW COLUMNS FROM `card` [ RunTime:0.0009s ]
SQL: select count(*) from card where card_no like '%%' and 1=1 [ RunTime:0.0005s ]
SQL: select id, card_no, price, points, gen_time, activate_time, charge_user from card where card_no like '%%' and 1=1 limit 0,20 [ RunTime:0.0004s ]

[ 2018-08-30T00:00:51+08:00 ] ::1 /mzz/index.php?m=Admin&c=Cash&a=index
INFO: [ app_init ] --START--
INFO: Run Behavior\BuildLiteBehavior [ RunTime:0.000022s ]
INFO: [ app_init ] --END-- [ RunTime:0.000537s ]
INFO: [ app_begin ] --START--
INFO: Run Behavior\ReadHtmlCacheBehavior [ RunTime:0.001948s ]
INFO: [ app_begin ] --END-- [ RunTime:0.002212s ]
SQL: SHOW COLUMNS FROM `goods_spec` [ RunTime:0.0009s ]
SQL: SELECT * FROM `goods_spec` WHERE ( goods_id='0' )  [ RunTime:0.0003s ]
INFO: [ view_parse ] --START--
INFO: [ template_filter ] --START--
INFO: Run Behavior\ContentReplaceBehavior [ RunTime:0.000161s ]
INFO: [ template_filter ] --END-- [ RunTime:0.000286s ]
NOTIC: [8] Use of undefined constant cash - assumed 'cash' D:\wamp64\www\mzz\Application\Runtime\Cache\Admin\1b46602b281112a3b38c8ba1dd86b54e.php 第 133 行.
NOTIC: [8] Use of undefined constant index - assumed 'index' D:\wamp64\www\mzz\Application\Runtime\Cache\Admin\1b46602b281112a3b38c8ba1dd86b54e.php 第 133 行.
NOTIC: [8] Use of undefined constant cash - assumed 'cash' D:\wamp64\www\mzz\Application\Runtime\Cache\Admin\1b46602b281112a3b38c8ba1dd86b54e.php 第 135 行.
NOTIC: [8] Use of undefined constant node - assumed 'node' D:\wamp64\www\mzz\Application\Runtime\Cache\Admin\1b46602b281112a3b38c8ba1dd86b54e.php 第 135 行.
NOTIC: [8] Use of undefined constant cash - assumed 'cash' D:\wamp64\www\mzz\Application\Runtime\Cache\Admin\1b46602b281112a3b38c8ba1dd86b54e.php 第 136 行.
NOTIC: [8] Use of undefined constant cashier - assumed 'cashier' D:\wamp64\www\mzz\Application\Runtime\Cache\Admin\1b46602b281112a3b38c8ba1dd86b54e.php 第 136 行.
NOTIC: [8] Use of undefined constant cash - assumed 'cash' D:\wamp64\www\mzz\Application\Runtime\Cache\Admin\1b46602b281112a3b38c8ba1dd86b54e.php 第 138 行.
NOTIC: [8] Use of undefined constant system - assumed 'system' D:\wamp64\www\mzz\Application\Runtime\Cache\Admin\1b46602b281112a3b38c8ba1dd86b54e.php 第 138 行.
NOTIC: [8] Use of undefined constant cash - assumed 'cash' D:\wamp64\www\mzz\Application\Runtime\Cache\Admin\1b46602b281112a3b38c8ba1dd86b54e.php 第 140 行.
NOTIC: [8] Use of undefined constant cash - assumed 'cash' D:\wamp64\www\mzz\Application\Runtime\Cache\Admin\1b46602b281112a3b38c8ba1dd86b54e.php 第 140 行.
NOTIC: [8] Use of undefined constant cash - assumed 'cash' D:\wamp64\www\mzz\Application\Runtime\Cache\Admin\1b46602b281112a3b38c8ba1dd86b54e.php 第 141 行.
NOTIC: [8] Use of undefined constant user - assumed 'user' D:\wamp64\www\mzz\Application\Runtime\Cache\Admin\1b46602b281112a3b38c8ba1dd86b54e.php 第 141 行.
NOTIC: [8] Use of undefined constant cash - assumed 'cash' D:\wamp64\www\mzz\Application\Runtime\Cache\Admin\1b46602b281112a3b38c8ba1dd86b54e.php 第 142 行.
NOTIC: [8] Use of undefined constant pubg - assumed 'pubg' D:\wamp64\www\mzz\Application\Runtime\Cache\Admin\1b46602b281112a3b38c8ba1dd86b54e.php 第 142 行.
INFO: Run Behavior\ParseTemplateBehavior [ RunTime:0.016830s ]
INFO: [ view_parse ] --END-- [ RunTime:0.016934s ]
INFO: [ view_filter ] --START--
INFO: Run Behavior\WriteHtmlCacheBehavior [ RunTime:0.000626s ]
INFO: [ view_filter ] --END-- [ RunTime:0.000721s ]
INFO: [ app_end ] --START--
INFO: Run Behavior\ShowPageTraceBehavior [ RunTime:0.000792s ]
INFO: [ app_end ] --END-- [ RunTime:0.000899s ]

[ 2018-08-30T00:00:53+08:00 ] ::1 /mzz/index.php?m=Admin&c=User&a=getUser&user=telanx
INFO: [ app_init ] --START--
INFO: Run Behavior\BuildLiteBehavior [ RunTime:0.000022s ]
INFO: [ app_init ] --END-- [ RunTime:0.000560s ]
INFO: [ app_begin ] --START--
INFO: Run Behavior\ReadHtmlCacheBehavior [ RunTime:0.000691s ]
INFO: [ app_begin ] --END-- [ RunTime:0.000782s ]
SQL: select A.user, A.qq, B.points from user_user A left join user_balance B on A.user=B.user where A.user='telanx' [ RunTime:0.0010s ]

[ 2018-08-30T00:00:55+08:00 ] ::1 /mzz/index.php?m=Admin&c=Cash&a=recharge
INFO: [ app_init ] --START--
INFO: Run Behavior\BuildLiteBehavior [ RunTime:0.000022s ]
INFO: [ app_init ] --END-- [ RunTime:0.000457s ]
INFO: [ app_begin ] --START--
INFO: Run Behavior\ReadHtmlCacheBehavior [ RunTime:0.000601s ]
INFO: [ app_begin ] --END-- [ RunTime:0.000689s ]
SQL: SHOW COLUMNS FROM `user_balance` [ RunTime:0.0008s ]
SQL: SHOW COLUMNS FROM `card` [ RunTime:0.0009s ]
SQL: SELECT * FROM `card` WHERE ( card_no='HV47-6L15-R4K9-OKO5-SGES-7T9D' and charge_user is NULL ) LIMIT 1   [ RunTime:0.0004s ]
NOTIC: [8] Use of undefined constant points - assumed 'points' D:\wamp64\www\mzz\Application\Admin\Controller\CashController.class.php 第 64 行.
SQL: SHOW COLUMNS FROM `balance_changelog` [ RunTime:0.0009s ]
SQL: SHOW COLUMNS FROM `user_balance` [ RunTime:0.0005s ]
SQL: SELECT * FROM `user_balance` WHERE ( user='telanx' ) LIMIT 1   [ RunTime:0.0003s ]
SQL: UPDATE `user_balance` SET `points`=points+200 WHERE ( user='telanx' ) [ RunTime:0.0007s ]
NOTIC: [8] Use of undefined constant user - assumed 'user' D:\wamp64\www\mzz\Application\Admin\Model\BalanceModel.class.php 第 25 行.
NOTIC: [8] Use of undefined constant type - assumed 'type' D:\wamp64\www\mzz\Application\Admin\Model\BalanceModel.class.php 第 26 行.
NOTIC: [8] Use of undefined constant change_amt - assumed 'change_amt' D:\wamp64\www\mzz\Application\Admin\Model\BalanceModel.class.php 第 27 行.
NOTIC: [8] Use of undefined constant balance - assumed 'balance' D:\wamp64\www\mzz\Application\Admin\Model\BalanceModel.class.php 第 28 行.
NOTIC: [8] Use of undefined constant before_balance - assumed 'before_balance' D:\wamp64\www\mzz\Application\Admin\Model\BalanceModel.class.php 第 29 行.
NOTIC: [8] Use of undefined constant time - assumed 'time' D:\wamp64\www\mzz\Application\Admin\Model\BalanceModel.class.php 第 30 行.
NOTIC: [8] Use of undefined constant remark - assumed 'remark' D:\wamp64\www\mzz\Application\Admin\Model\BalanceModel.class.php 第 31 行.
SQL: INSERT INTO `balance_changelog` (`user`,`type`,`change_amt`,`balance`,`before_balance`,`time`,`remark`) VALUES ('telanx','points','200','10225','10025','2018-08-30 00:00:55','卡密充值+points积分') [ RunTime:0.0003s ]
NOTIC: [8] Use of undefined constant charge_user - assumed 'charge_user' D:\wamp64\www\mzz\Application\Admin\Controller\CashController.class.php 第 72 行.
NOTIC: [8] Use of undefined constant activate_time - assumed 'activate_time' D:\wamp64\www\mzz\Application\Admin\Controller\CashController.class.php 第 73 行.
SQL: UPDATE `card` SET `charge_user`='telanx',`activate_time`='2018-08-30 00:00:55' WHERE ( card_no='HV47-6L15-R4K9-OKO5-SGES-7T9D' ) [ RunTime:0.0023s ]
NOTIC: [8] Use of undefined constant status - assumed 'status' D:\wamp64\www\mzz\Application\Admin\Controller\CashController.class.php 第 77 行.
NOTIC: [8] Use of undefined constant msg - assumed 'msg' D:\wamp64\www\mzz\Application\Admin\Controller\CashController.class.php 第 78 行.

[ 2018-08-30T00:00:56+08:00 ] ::1 /mzz/index.php?m=Admin&c=Cash&a=index
INFO: [ app_init ] --START--
INFO: Run Behavior\BuildLiteBehavior [ RunTime:0.000022s ]
INFO: [ app_init ] --END-- [ RunTime:0.000529s ]
INFO: [ app_begin ] --START--
INFO: Run Behavior\ReadHtmlCacheBehavior [ RunTime:0.000687s ]
INFO: [ app_begin ] --END-- [ RunTime:0.000791s ]
SQL: SHOW COLUMNS FROM `goods_spec` [ RunTime:0.0011s ]
SQL: SELECT * FROM `goods_spec` WHERE ( goods_id='0' )  [ RunTime:0.0004s ]
INFO: [ view_parse ] --START--
INFO: [ template_filter ] --START--
INFO: Run Behavior\ContentReplaceBehavior [ RunTime:0.000153s ]
INFO: [ template_filter ] --END-- [ RunTime:0.000253s ]
NOTIC: [8] Use of undefined constant cash - assumed 'cash' D:\wamp64\www\mzz\Application\Runtime\Cache\Admin\1b46602b281112a3b38c8ba1dd86b54e.php 第 133 行.
NOTIC: [8] Use of undefined constant index - assumed 'index' D:\wamp64\www\mzz\Application\Runtime\Cache\Admin\1b46602b281112a3b38c8ba1dd86b54e.php 第 133 行.
NOTIC: [8] Use of undefined constant cash - assumed 'cash' D:\wamp64\www\mzz\Application\Runtime\Cache\Admin\1b46602b281112a3b38c8ba1dd86b54e.php 第 135 行.
NOTIC: [8] Use of undefined constant node - assumed 'node' D:\wamp64\www\mzz\Application\Runtime\Cache\Admin\1b46602b281112a3b38c8ba1dd86b54e.php 第 135 行.
NOTIC: [8] Use of undefined constant cash - assumed 'cash' D:\wamp64\www\mzz\Application\Runtime\Cache\Admin\1b46602b281112a3b38c8ba1dd86b54e.php 第 136 行.
NOTIC: [8] Use of undefined constant cashier - assumed 'cashier' D:\wamp64\www\mzz\Application\Runtime\Cache\Admin\1b46602b281112a3b38c8ba1dd86b54e.php 第 136 行.
NOTIC: [8] Use of undefined constant cash - assumed 'cash' D:\wamp64\www\mzz\Application\Runtime\Cache\Admin\1b46602b281112a3b38c8ba1dd86b54e.php 第 138 行.
NOTIC: [8] Use of undefined constant system - assumed 'system' D:\wamp64\www\mzz\Application\Runtime\Cache\Admin\1b46602b281112a3b38c8ba1dd86b54e.php 第 138 行.
NOTIC: [8] Use of undefined constant cash - assumed 'cash' D:\wamp64\www\mzz\Application\Runtime\Cache\Admin\1b46602b281112a3b38c8ba1dd86b54e.php 第 140 行.
NOTIC: [8] Use of undefined constant cash - assumed 'cash' D:\wamp64\www\mzz\Application\Runtime\Cache\Admin\1b46602b281112a3b38c8ba1dd86b54e.php 第 140 行.
NOTIC: [8] Use of undefined constant cash - assumed 'cash' D:\wamp64\www\mzz\Application\Runtime\Cache\Admin\1b46602b281112a3b38c8ba1dd86b54e.php 第 141 行.
NOTIC: [8] Use of undefined constant user - assumed 'user' D:\wamp64\www\mzz\Application\Runtime\Cache\Admin\1b46602b281112a3b38c8ba1dd86b54e.php 第 141 行.
NOTIC: [8] Use of undefined constant cash - assumed 'cash' D:\wamp64\www\mzz\Application\Runtime\Cache\Admin\1b46602b281112a3b38c8ba1dd86b54e.php 第 142 行.
NOTIC: [8] Use of undefined constant pubg - assumed 'pubg' D:\wamp64\www\mzz\Application\Runtime\Cache\Admin\1b46602b281112a3b38c8ba1dd86b54e.php 第 142 行.
INFO: Run Behavior\ParseTemplateBehavior [ RunTime:0.012265s ]
INFO: [ view_parse ] --END-- [ RunTime:0.012377s ]
INFO: [ view_filter ] --START--
INFO: Run Behavior\WriteHtmlCacheBehavior [ RunTime:0.000652s ]
INFO: [ view_filter ] --END-- [ RunTime:0.000779s ]
INFO: [ app_end ] --START--
INFO: Run Behavior\ShowPageTraceBehavior [ RunTime:0.000804s ]
INFO: [ app_end ] --END-- [ RunTime:0.000959s ]

[ 2018-08-30T00:01:07+08:00 ] ::1 /mzz/index.php?m=Admin&c=User&a=getUser&user=telanx
INFO: [ app_init ] --START--
INFO: Run Behavior\BuildLiteBehavior [ RunTime:0.000041s ]
INFO: [ app_init ] --END-- [ RunTime:0.000684s ]
INFO: [ app_begin ] --START--
INFO: Run Behavior\ReadHtmlCacheBehavior [ RunTime:0.000956s ]
INFO: [ app_begin ] --END-- [ RunTime:0.001117s ]
SQL: select A.user, A.qq, B.points from user_user A left join user_balance B on A.user=B.user where A.user='telanx' [ RunTime:0.0008s ]

[ 2018-08-30T00:01:09+08:00 ] ::1 /mzz/index.php?m=Admin&c=Cash&a=recharge
INFO: [ app_init ] --START--
INFO: Run Behavior\BuildLiteBehavior [ RunTime:0.000024s ]
INFO: [ app_init ] --END-- [ RunTime:0.000604s ]
INFO: [ app_begin ] --START--
INFO: Run Behavior\ReadHtmlCacheBehavior [ RunTime:0.000692s ]
INFO: [ app_begin ] --END-- [ RunTime:0.000809s ]
SQL: SHOW COLUMNS FROM `user_balance` [ RunTime:0.0005s ]
SQL: SHOW COLUMNS FROM `card` [ RunTime:0.0011s ]
SQL: SELECT * FROM `card` WHERE ( card_no='HV47-6L15-R4K9-OKO5-SGES-7T9D' and charge_user is NULL ) LIMIT 1   [ RunTime:0.0009s ]
NOTIC: [8] Use of undefined constant status - assumed 'status' D:\wamp64\www\mzz\Application\Admin\Controller\CashController.class.php 第 58 行.
NOTIC: [8] Use of undefined constant msg - assumed 'msg' D:\wamp64\www\mzz\Application\Admin\Controller\CashController.class.php 第 59 行.

[ 2018-08-30T00:01:40+08:00 ] ::1 /mzz/index.php?m=Admin&c=Card&a=index
INFO: [ app_init ] --START--
INFO: Run Behavior\BuildLiteBehavior [ RunTime:0.000037s ]
INFO: [ app_init ] --END-- [ RunTime:0.000768s ]
INFO: [ app_begin ] --START--
INFO: Run Behavior\ReadHtmlCacheBehavior [ RunTime:0.000769s ]
INFO: [ app_begin ] --END-- [ RunTime:0.000898s ]
INFO: [ view_parse ] --START--
INFO: [ template_filter ] --START--
INFO: Run Behavior\ContentReplaceBehavior [ RunTime:0.000202s ]
INFO: [ template_filter ] --END-- [ RunTime:0.000318s ]
NOTIC: [8] Use of undefined constant pubg - assumed 'pubg' D:\wamp64\www\mzz\Application\Runtime\Cache\Admin\6bf28f2589a19501054c03687923c61c.php 第 239 行.
NOTIC: [8] Use of undefined constant index - assumed 'index' D:\wamp64\www\mzz\Application\Runtime\Cache\Admin\6bf28f2589a19501054c03687923c61c.php 第 239 行.
NOTIC: [8] Use of undefined constant pubg - assumed 'pubg' D:\wamp64\www\mzz\Application\Runtime\Cache\Admin\6bf28f2589a19501054c03687923c61c.php 第 241 行.
NOTIC: [8] Use of undefined constant node - assumed 'node' D:\wamp64\www\mzz\Application\Runtime\Cache\Admin\6bf28f2589a19501054c03687923c61c.php 第 241 行.
NOTIC: [8] Use of undefined constant pubg - assumed 'pubg' D:\wamp64\www\mzz\Application\Runtime\Cache\Admin\6bf28f2589a19501054c03687923c61c.php 第 242 行.
NOTIC: [8] Use of undefined constant cashier - assumed 'cashier' D:\wamp64\www\mzz\Application\Runtime\Cache\Admin\6bf28f2589a19501054c03687923c61c.php 第 242 行.
NOTIC: [8] Use of undefined constant pubg - assumed 'pubg' D:\wamp64\www\mzz\Application\Runtime\Cache\Admin\6bf28f2589a19501054c03687923c61c.php 第 244 行.
NOTIC: [8] Use of undefined constant system - assumed 'system' D:\wamp64\www\mzz\Application\Runtime\Cache\Admin\6bf28f2589a19501054c03687923c61c.php 第 244 行.
NOTIC: [8] Use of undefined constant pubg - assumed 'pubg' D:\wamp64\www\mzz\Application\Runtime\Cache\Admin\6bf28f2589a19501054c03687923c61c.php 第 246 行.
NOTIC: [8] Use of undefined constant cash - assumed 'cash' D:\wamp64\www\mzz\Application\Runtime\Cache\Admin\6bf28f2589a19501054c03687923c61c.php 第 246 行.
NOTIC: [8] Use of undefined constant pubg - assumed 'pubg' D:\wamp64\www\mzz\Application\Runtime\Cache\Admin\6bf28f2589a19501054c03687923c61c.php 第 247 行.
NOTIC: [8] Use of undefined constant user - assumed 'user' D:\wamp64\www\mzz\Application\Runtime\Cache\Admin\6bf28f2589a19501054c03687923c61c.php 第 247 行.
NOTIC: [8] Use of undefined constant pubg - assumed 'pubg' D:\wamp64\www\mzz\Application\Runtime\Cache\Admin\6bf28f2589a19501054c03687923c61c.php 第 248 行.
NOTIC: [8] Use of undefined constant pubg - assumed 'pubg' D:\wamp64\www\mzz\Application\Runtime\Cache\Admin\6bf28f2589a19501054c03687923c61c.php 第 248 行.
INFO: Run Behavior\ParseTemplateBehavior [ RunTime:0.014014s ]
INFO: [ view_parse ] --END-- [ RunTime:0.014127s ]
INFO: [ view_filter ] --START--
INFO: Run Behavior\WriteHtmlCacheBehavior [ RunTime:0.000701s ]
INFO: [ view_filter ] --END-- [ RunTime:0.000798s ]
INFO: [ app_end ] --START--
INFO: Run Behavior\ShowPageTraceBehavior [ RunTime:0.000923s ]
INFO: [ app_end ] --END-- [ RunTime:0.001045s ]

[ 2018-08-30T00:01:42+08:00 ] ::1 /mzz/index.php?m=Admin&c=Card&a=search_handler
INFO: [ app_init ] --START--
INFO: Run Behavior\BuildLiteBehavior [ RunTime:0.000024s ]
INFO: [ app_init ] --END-- [ RunTime:0.000523s ]
INFO: [ app_begin ] --START--
INFO: Run Behavior\ReadHtmlCacheBehavior [ RunTime:0.000750s ]
INFO: [ app_begin ] --END-- [ RunTime:0.000856s ]
SQL: SHOW COLUMNS FROM `card` [ RunTime:0.0014s ]
SQL: select count(*) from card where card_no like '%HV47-6L15-R4K9-OKO5-SGES-7T9D%' and 1=1 [ RunTime:0.0012s ]
SQL: select id, card_no, price, points, gen_time, activate_time, charge_user from card where card_no like '%HV47-6L15-R4K9-OKO5-SGES-7T9D%' and 1=1 limit 0,20 [ RunTime:0.0010s ]

