[ 2018-08-31T14:20:58+08:00 ] ::1 /mzz/index.php?m=Admin
INFO: [ app_init ] --START--
INFO: Run Behavior\BuildLiteBehavior [ RunTime:0.000026s ]
INFO: [ app_init ] --END-- [ RunTime:0.001063s ]
INFO: [ app_begin ] --START--
INFO: Run Behavior\ReadHtmlCacheBehavior [ RunTime:0.012538s ]
INFO: [ app_begin ] --END-- [ RunTime:0.012700s ]
INFO: [ view_parse ] --START--
INFO: [ template_filter ] --START--
INFO: Run Behavior\ContentReplaceBehavior [ RunTime:0.000091s ]
INFO: [ template_filter ] --END-- [ RunTime:0.000198s ]
INFO: Run Behavior\ParseTemplateBehavior [ RunTime:0.058557s ]
INFO: [ view_parse ] --END-- [ RunTime:0.058715s ]
INFO: [ view_filter ] --START--
INFO: Run Behavior\WriteHtmlCacheBehavior [ RunTime:0.008104s ]
INFO: [ view_filter ] --END-- [ RunTime:0.008337s ]

[ 2018-08-31T14:21:00+08:00 ] ::1 /mzz/index.php?m=Admin&c=Login&a=index
INFO: [ app_init ] --START--
INFO: Run Behavior\BuildLiteBehavior [ RunTime:0.000025s ]
INFO: [ app_init ] --END-- [ RunTime:0.000671s ]
INFO: [ app_begin ] --START--
INFO: Run Behavior\ReadHtmlCacheBehavior [ RunTime:0.000994s ]
INFO: [ app_begin ] --END-- [ RunTime:0.001149s ]
INFO: [ view_parse ] --START--
INFO: [ template_filter ] --START--
INFO: Run Behavior\ContentReplaceBehavior [ RunTime:0.000137s ]
INFO: [ template_filter ] --END-- [ RunTime:0.000344s ]
NOTIC: [8] Undefined variable: error D:\wamp64\www\mzz\Application\Runtime\Cache\Admin\32ec6c906c117a7c2bf504769276d87a.php 第 171 行.
NOTIC: [8] Undefined variable: error D:\wamp64\www\mzz\Application\Runtime\Cache\Admin\32ec6c906c117a7c2bf504769276d87a.php 第 171 行.
INFO: Run Behavior\ParseTemplateBehavior [ RunTime:0.018589s ]
INFO: [ view_parse ] --END-- [ RunTime:0.018901s ]
INFO: [ view_filter ] --START--
INFO: Run Behavior\WriteHtmlCacheBehavior [ RunTime:0.000644s ]
INFO: [ view_filter ] --END-- [ RunTime:0.000772s ]
INFO: [ app_end ] --START--
INFO: Run Behavior\ShowPageTraceBehavior [ RunTime:0.011636s ]
INFO: [ app_end ] --END-- [ RunTime:0.011752s ]

[ 2018-08-31T14:21:06+08:00 ] ::1 /mzz/index.php?m=Admin&c=Login&a=index
INFO: [ app_init ] --START--
INFO: Run Behavior\BuildLiteBehavior [ RunTime:0.000023s ]
INFO: [ app_init ] --END-- [ RunTime:0.000568s ]
INFO: [ app_begin ] --START--
INFO: Run Behavior\ReadHtmlCacheBehavior [ RunTime:0.000711s ]
INFO: [ app_begin ] --END-- [ RunTime:0.000825s ]
SQL: SHOW COLUMNS FROM `user_admin` [ RunTime:0.0028s ]
SQL: SHOW COLUMNS FROM `user_admin` [ RunTime:0.0006s ]
SQL: SELECT * FROM `user_admin` WHERE ( user='telanx' and pwd='xnalet2' )  [ RunTime:0.0005s ]
INFO: [ view_parse ] --START--
INFO: [ template_filter ] --START--
INFO: Run Behavior\ContentReplaceBehavior [ RunTime:0.000101s ]
INFO: [ template_filter ] --END-- [ RunTime:0.000217s ]
INFO: Run Behavior\ParseTemplateBehavior [ RunTime:0.007261s ]
INFO: [ view_parse ] --END-- [ RunTime:0.007533s ]
INFO: [ view_filter ] --START--
INFO: Run Behavior\WriteHtmlCacheBehavior [ RunTime:0.000565s ]
INFO: [ view_filter ] --END-- [ RunTime:0.000667s ]
INFO: [ app_end ] --START--
INFO: Run Behavior\ShowPageTraceBehavior [ RunTime:0.000758s ]
INFO: [ app_end ] --END-- [ RunTime:0.000871s ]

[ 2018-08-31T14:21:07+08:00 ] ::1 /mzz/index.php?m=Admin&c=Index&a=index
INFO: [ app_init ] --START--
INFO: Run Behavior\BuildLiteBehavior [ RunTime:0.000027s ]
INFO: [ app_init ] --END-- [ RunTime:0.000708s ]
INFO: [ app_begin ] --START--
INFO: Run Behavior\ReadHtmlCacheBehavior [ RunTime:0.000712s ]
INFO: [ app_begin ] --END-- [ RunTime:0.000832s ]
SQL: SHOW COLUMNS FROM `balance_changelog` [ RunTime:0.0008s ]
SQL: 
			select sum(A.amt)/100 as income, A.type from (select case when remark like '%充值%' then 'charge'
				when remark like '%广告%' then 'adv' end as type, change_amt as amt
				from balance_changelog where (remark like '%充值%' or remark like '%广告%') and time>curdate()
				) A group by A.type
			 [ RunTime:0.0704s ]
SQL: SHOW COLUMNS FROM `user_user` [ RunTime:0.0006s ]
SQL: select count(distinct user) as count, 'active' as type from balance_changelog where remark like '%充值%' or remark like '%广告%' [ RunTime:0.0140s ]
SQL: select count(*) as count, 'total' as type from user_user [ RunTime:0.0003s ]
SQL: 
			select a.month,ifnull(b.cash/100,0) as income, b.type from (select DATE_FORMAT(curdate(),'%Y-%m') as month 
			union select DATE_FORMAT(curdate() - INTERVAL 1 MONTH,'%Y-%m') as month
			union select DATE_FORMAT(curdate() - INTERVAL 2 MONTH,'%Y-%m') as month
			union select DATE_FORMAT(curdate() - INTERVAL 3 MONTH,'%Y-%m') as month
			union select DATE_FORMAT(curdate() - INTERVAL 4 MONTH,'%Y-%m') as month
			union select DATE_FORMAT(curdate() - INTERVAL 5 MONTH,'%Y-%m') as month
			union select DATE_FORMAT(curdate() - INTERVAL 6 MONTH,'%Y-%m') as month
			union select DATE_FORMAT(curdate() - INTERVAL 7 MONTH,'%Y-%m') as month
			union select DATE_FORMAT(curdate() - INTERVAL 8 MONTH,'%Y-%m') as month
			union select DATE_FORMAT(curdate() - INTERVAL 9 MONTH,'%Y-%m') as month
			union select DATE_FORMAT(curdate() - INTERVAL 10 MONTH,'%Y-%m') as month
			union select DATE_FORMAT(curdate() - INTERVAL 11 MONTH,'%Y-%m') as month
			)a left join (select c.month,sum(c.change_amt) as cash, c.type from (SELECT case when remark like '%充值%' then 'charge' else 'adv' end as type, DATE_FORMAT(time, '%Y-%m') as month, change_amt FROM `balance_changelog` where remark like '%充值%' or remark like '%广告%')c GROUP by c.month,c.type) b on a.month=b.month
			 [ RunTime:0.0187s ]
SQL: SELECT SUM(change_amt) AS tp_sum FROM `balance_changelog` WHERE ( remark like '%充值%' or remark like '%广告%' ) LIMIT 1   [ RunTime:0.0005s ]
INFO: [ view_parse ] --START--
INFO: [ template_filter ] --START--
INFO: Run Behavior\ContentReplaceBehavior [ RunTime:0.000147s ]
INFO: [ template_filter ] --END-- [ RunTime:0.000260s ]
NOTIC: [8] Use of undefined constant index - assumed 'index' D:\wamp64\www\mzz\Application\Runtime\Cache\Admin\b595b808c2ebeeeb0478ffc30bb4e87a.php 第 162 行.
NOTIC: [8] Use of undefined constant index - assumed 'index' D:\wamp64\www\mzz\Application\Runtime\Cache\Admin\b595b808c2ebeeeb0478ffc30bb4e87a.php 第 162 行.
NOTIC: [8] Use of undefined constant index - assumed 'index' D:\wamp64\www\mzz\Application\Runtime\Cache\Admin\b595b808c2ebeeeb0478ffc30bb4e87a.php 第 164 行.
NOTIC: [8] Use of undefined constant node - assumed 'node' D:\wamp64\www\mzz\Application\Runtime\Cache\Admin\b595b808c2ebeeeb0478ffc30bb4e87a.php 第 164 行.
NOTIC: [8] Use of undefined constant index - assumed 'index' D:\wamp64\www\mzz\Application\Runtime\Cache\Admin\b595b808c2ebeeeb0478ffc30bb4e87a.php 第 165 行.
NOTIC: [8] Use of undefined constant cashier - assumed 'cashier' D:\wamp64\www\mzz\Application\Runtime\Cache\Admin\b595b808c2ebeeeb0478ffc30bb4e87a.php 第 165 行.
NOTIC: [8] Use of undefined constant index - assumed 'index' D:\wamp64\www\mzz\Application\Runtime\Cache\Admin\b595b808c2ebeeeb0478ffc30bb4e87a.php 第 167 行.
NOTIC: [8] Use of undefined constant system - assumed 'system' D:\wamp64\www\mzz\Application\Runtime\Cache\Admin\b595b808c2ebeeeb0478ffc30bb4e87a.php 第 167 行.
NOTIC: [8] Use of undefined constant index - assumed 'index' D:\wamp64\www\mzz\Application\Runtime\Cache\Admin\b595b808c2ebeeeb0478ffc30bb4e87a.php 第 169 行.
NOTIC: [8] Use of undefined constant cash - assumed 'cash' D:\wamp64\www\mzz\Application\Runtime\Cache\Admin\b595b808c2ebeeeb0478ffc30bb4e87a.php 第 169 行.
NOTIC: [8] Use of undefined constant index - assumed 'index' D:\wamp64\www\mzz\Application\Runtime\Cache\Admin\b595b808c2ebeeeb0478ffc30bb4e87a.php 第 170 行.
NOTIC: [8] Use of undefined constant user - assumed 'user' D:\wamp64\www\mzz\Application\Runtime\Cache\Admin\b595b808c2ebeeeb0478ffc30bb4e87a.php 第 170 行.
NOTIC: [8] Use of undefined constant index - assumed 'index' D:\wamp64\www\mzz\Application\Runtime\Cache\Admin\b595b808c2ebeeeb0478ffc30bb4e87a.php 第 171 行.
NOTIC: [8] Use of undefined constant pubg - assumed 'pubg' D:\wamp64\www\mzz\Application\Runtime\Cache\Admin\b595b808c2ebeeeb0478ffc30bb4e87a.php 第 171 行.
INFO: Run Behavior\ParseTemplateBehavior [ RunTime:0.090117s ]
INFO: [ view_parse ] --END-- [ RunTime:0.090219s ]
INFO: [ view_filter ] --START--
INFO: Run Behavior\WriteHtmlCacheBehavior [ RunTime:0.000602s ]
INFO: [ view_filter ] --END-- [ RunTime:0.000699s ]
INFO: [ app_end ] --START--
INFO: Run Behavior\ShowPageTraceBehavior [ RunTime:0.000738s ]
INFO: [ app_end ] --END-- [ RunTime:0.000878s ]

[ 2018-08-31T14:21:11+08:00 ] ::1 /mzz/index.php?m=Admin&c=Goods&a=index
INFO: [ app_init ] --START--
INFO: Run Behavior\BuildLiteBehavior [ RunTime:0.000026s ]
INFO: [ app_init ] --END-- [ RunTime:0.000580s ]
INFO: [ app_begin ] --START--
INFO: Run Behavior\ReadHtmlCacheBehavior [ RunTime:0.000748s ]
INFO: [ app_begin ] --END-- [ RunTime:0.000880s ]
INFO: [ view_parse ] --START--
INFO: [ template_filter ] --START--
INFO: Run Behavior\ContentReplaceBehavior [ RunTime:0.000281s ]
INFO: [ template_filter ] --END-- [ RunTime:0.000411s ]
NOTIC: [8] Use of undefined constant user - assumed 'user' D:\wamp64\www\mzz\Application\Runtime\Cache\Admin\7460c3bd08e8aaf3e719467d6ea19bd3.php 第 248 行.
NOTIC: [8] Use of undefined constant index - assumed 'index' D:\wamp64\www\mzz\Application\Runtime\Cache\Admin\7460c3bd08e8aaf3e719467d6ea19bd3.php 第 248 行.
NOTIC: [8] Use of undefined constant user - assumed 'user' D:\wamp64\www\mzz\Application\Runtime\Cache\Admin\7460c3bd08e8aaf3e719467d6ea19bd3.php 第 250 行.
NOTIC: [8] Use of undefined constant node - assumed 'node' D:\wamp64\www\mzz\Application\Runtime\Cache\Admin\7460c3bd08e8aaf3e719467d6ea19bd3.php 第 250 行.
NOTIC: [8] Use of undefined constant user - assumed 'user' D:\wamp64\www\mzz\Application\Runtime\Cache\Admin\7460c3bd08e8aaf3e719467d6ea19bd3.php 第 251 行.
NOTIC: [8] Use of undefined constant cashier - assumed 'cashier' D:\wamp64\www\mzz\Application\Runtime\Cache\Admin\7460c3bd08e8aaf3e719467d6ea19bd3.php 第 251 行.
NOTIC: [8] Use of undefined constant user - assumed 'user' D:\wamp64\www\mzz\Application\Runtime\Cache\Admin\7460c3bd08e8aaf3e719467d6ea19bd3.php 第 253 行.
NOTIC: [8] Use of undefined constant system - assumed 'system' D:\wamp64\www\mzz\Application\Runtime\Cache\Admin\7460c3bd08e8aaf3e719467d6ea19bd3.php 第 253 行.
NOTIC: [8] Use of undefined constant user - assumed 'user' D:\wamp64\www\mzz\Application\Runtime\Cache\Admin\7460c3bd08e8aaf3e719467d6ea19bd3.php 第 255 行.
NOTIC: [8] Use of undefined constant cash - assumed 'cash' D:\wamp64\www\mzz\Application\Runtime\Cache\Admin\7460c3bd08e8aaf3e719467d6ea19bd3.php 第 255 行.
NOTIC: [8] Use of undefined constant user - assumed 'user' D:\wamp64\www\mzz\Application\Runtime\Cache\Admin\7460c3bd08e8aaf3e719467d6ea19bd3.php 第 256 行.
NOTIC: [8] Use of undefined constant user - assumed 'user' D:\wamp64\www\mzz\Application\Runtime\Cache\Admin\7460c3bd08e8aaf3e719467d6ea19bd3.php 第 256 行.
NOTIC: [8] Use of undefined constant user - assumed 'user' D:\wamp64\www\mzz\Application\Runtime\Cache\Admin\7460c3bd08e8aaf3e719467d6ea19bd3.php 第 257 行.
NOTIC: [8] Use of undefined constant pubg - assumed 'pubg' D:\wamp64\www\mzz\Application\Runtime\Cache\Admin\7460c3bd08e8aaf3e719467d6ea19bd3.php 第 257 行.
INFO: Run Behavior\ParseTemplateBehavior [ RunTime:0.016225s ]
INFO: [ view_parse ] --END-- [ RunTime:0.016333s ]
INFO: [ view_filter ] --START--
INFO: Run Behavior\WriteHtmlCacheBehavior [ RunTime:0.000568s ]
INFO: [ view_filter ] --END-- [ RunTime:0.000663s ]
INFO: [ app_end ] --START--
INFO: Run Behavior\ShowPageTraceBehavior [ RunTime:0.000885s ]
INFO: [ app_end ] --END-- [ RunTime:0.001006s ]

[ 2018-08-31T14:21:12+08:00 ] ::1 /mzz/index.php?m=Admin&c=Admin&a=search_handler
INFO: [ app_init ] --START--
INFO: Run Behavior\BuildLiteBehavior [ RunTime:0.000024s ]
INFO: [ app_init ] --END-- [ RunTime:0.000558s ]
INFO: [ app_begin ] --START--
INFO: Run Behavior\ReadHtmlCacheBehavior [ RunTime:0.000763s ]
INFO: [ app_begin ] --END-- [ RunTime:0.000858s ]
SQL: SHOW COLUMNS FROM `goods_item` [ RunTime:0.0007s ]
SQL: select count(*) from goods_item where title like '%%'  [ RunTime:0.0003s ]
SQL: select id, cata_id, goods_id, title, logo, pics, detail, sort_index, online, api_extra_params, api_fixed_params,api_host, api_method, business_cata from goods_item where title like '%%' limit 0,20 [ RunTime:0.0005s ]

[ 2018-08-31T14:21:16+08:00 ] ::1 /mzz/index.php?m=Admin&c=Goods&a=modify&id=26
INFO: [ app_init ] --START--
INFO: Run Behavior\BuildLiteBehavior [ RunTime:0.000052s ]
INFO: [ app_init ] --END-- [ RunTime:0.000974s ]
INFO: [ app_begin ] --START--
INFO: Run Behavior\ReadHtmlCacheBehavior [ RunTime:0.001227s ]
INFO: [ app_begin ] --END-- [ RunTime:0.001429s ]
SQL: SHOW COLUMNS FROM `goods_item` [ RunTime:0.0010s ]
SQL: SELECT * FROM `goods_item` WHERE ( id='26' ) LIMIT 1   [ RunTime:0.0008s ]
SQL: SHOW COLUMNS FROM `goods_cata` [ RunTime:0.0046s ]
SQL: SELECT * FROM `goods_cata`  [ RunTime:0.0006s ]
INFO: [ view_parse ] --START--
INFO: [ template_filter ] --START--
INFO: Run Behavior\ContentReplaceBehavior [ RunTime:0.000390s ]
INFO: [ template_filter ] --END-- [ RunTime:0.000669s ]
NOTIC: [8] Undefined variable: msg D:\wamp64\www\mzz\Application\Runtime\Cache\Admin\391c4ee6004eaf4198425d841c3c95d1.php 第 29 行.
NOTIC: [2] Illegal string offset 'cata_id' D:\wamp64\www\mzz\Application\Runtime\Cache\Admin\391c4ee6004eaf4198425d841c3c95d1.php 第 39 行.
INFO: Run Behavior\ParseTemplateBehavior [ RunTime:0.040195s ]
INFO: [ view_parse ] --END-- [ RunTime:0.041041s ]
INFO: [ view_filter ] --START--
INFO: Run Behavior\WriteHtmlCacheBehavior [ RunTime:0.001385s ]
INFO: [ view_filter ] --END-- [ RunTime:0.001555s ]
INFO: [ app_end ] --START--
INFO: Run Behavior\ShowPageTraceBehavior [ RunTime:0.001635s ]
INFO: [ app_end ] --END-- [ RunTime:0.001855s ]

[ 2018-08-31T14:24:56+08:00 ] ::1 /mzz/index.php?m=Admin&c=Goods&a=modify&id=26
INFO: [ app_init ] --START--
INFO: Run Behavior\BuildLiteBehavior [ RunTime:0.000023s ]
INFO: [ app_init ] --END-- [ RunTime:0.000803s ]
INFO: [ app_begin ] --START--
INFO: Run Behavior\ReadHtmlCacheBehavior [ RunTime:0.000731s ]
INFO: [ app_begin ] --END-- [ RunTime:0.000856s ]
SQL: SHOW COLUMNS FROM `goods_item` [ RunTime:0.0007s ]
SQL: SELECT * FROM `goods_item` WHERE ( id='26' ) LIMIT 1   [ RunTime:0.0004s ]
SQL: SHOW COLUMNS FROM `goods_cata` [ RunTime:0.0007s ]
SQL: SELECT * FROM `goods_cata`  [ RunTime:0.0006s ]
INFO: [ view_parse ] --START--
INFO: [ template_filter ] --START--
INFO: Run Behavior\ContentReplaceBehavior [ RunTime:0.000288s ]
INFO: [ template_filter ] --END-- [ RunTime:0.000489s ]
NOTIC: [8] Undefined variable: msg D:\wamp64\www\mzz\Application\Runtime\Cache\Admin\391c4ee6004eaf4198425d841c3c95d1.php 第 45 行.
NOTIC: [2] Illegal string offset 'cata_id' D:\wamp64\www\mzz\Application\Runtime\Cache\Admin\391c4ee6004eaf4198425d841c3c95d1.php 第 55 行.
INFO: Run Behavior\ParseTemplateBehavior [ RunTime:0.012456s ]
INFO: [ view_parse ] --END-- [ RunTime:0.012614s ]
INFO: [ view_filter ] --START--
INFO: Run Behavior\WriteHtmlCacheBehavior [ RunTime:0.001070s ]
INFO: [ view_filter ] --END-- [ RunTime:0.001242s ]
INFO: [ app_end ] --START--
INFO: Run Behavior\ShowPageTraceBehavior [ RunTime:0.001505s ]
INFO: [ app_end ] --END-- [ RunTime:0.001708s ]

[ 2018-08-31T14:24:58+08:00 ] ::1 /mzz/index.php?m=Admin&c=Goods&a=modify&id=26
INFO: [ app_init ] --START--
INFO: Run Behavior\BuildLiteBehavior [ RunTime:0.000023s ]
INFO: [ app_init ] --END-- [ RunTime:0.000563s ]
INFO: [ app_begin ] --START--
INFO: Run Behavior\ReadHtmlCacheBehavior [ RunTime:0.000838s ]
INFO: [ app_begin ] --END-- [ RunTime:0.001019s ]
SQL: SHOW COLUMNS FROM `goods_item` [ RunTime:0.0011s ]
SQL: SELECT * FROM `goods_item` WHERE ( id='26' ) LIMIT 1   [ RunTime:0.0006s ]
SQL: SHOW COLUMNS FROM `goods_cata` [ RunTime:0.0008s ]
SQL: SELECT * FROM `goods_cata`  [ RunTime:0.0005s ]
INFO: [ view_parse ] --START--
INFO: [ template_filter ] --START--
INFO: Run Behavior\ContentReplaceBehavior [ RunTime:0.000164s ]
INFO: [ template_filter ] --END-- [ RunTime:0.000278s ]
NOTIC: [8] Undefined variable: msg D:\wamp64\www\mzz\Application\Runtime\Cache\Admin\391c4ee6004eaf4198425d841c3c95d1.php 第 45 行.
NOTIC: [2] Illegal string offset 'cata_id' D:\wamp64\www\mzz\Application\Runtime\Cache\Admin\391c4ee6004eaf4198425d841c3c95d1.php 第 55 行.
INFO: Run Behavior\ParseTemplateBehavior [ RunTime:0.008833s ]
INFO: [ view_parse ] --END-- [ RunTime:0.008962s ]
INFO: [ view_filter ] --START--
INFO: Run Behavior\WriteHtmlCacheBehavior [ RunTime:0.000594s ]
INFO: [ view_filter ] --END-- [ RunTime:0.000691s ]
INFO: [ app_end ] --START--
INFO: Run Behavior\ShowPageTraceBehavior [ RunTime:0.000981s ]
INFO: [ app_end ] --END-- [ RunTime:0.001151s ]

[ 2018-08-31T14:27:28+08:00 ] ::1 /mzz/index.php?m=Admin&c=Goods&a=modify&id=26
INFO: [ app_init ] --START--
INFO: Run Behavior\BuildLiteBehavior [ RunTime:0.000022s ]
INFO: [ app_init ] --END-- [ RunTime:0.000559s ]
INFO: [ app_begin ] --START--
INFO: Run Behavior\ReadHtmlCacheBehavior [ RunTime:0.000784s ]
INFO: [ app_begin ] --END-- [ RunTime:0.000981s ]
SQL: SHOW COLUMNS FROM `goods_item` [ RunTime:0.0046s ]
SQL: SELECT * FROM `goods_item` WHERE ( id='26' ) LIMIT 1   [ RunTime:0.0004s ]
SQL: SHOW COLUMNS FROM `goods_cata` [ RunTime:0.0009s ]
SQL: SELECT * FROM `goods_cata`  [ RunTime:0.0004s ]
INFO: [ view_parse ] --START--
INFO: [ template_filter ] --START--
INFO: Run Behavior\ContentReplaceBehavior [ RunTime:0.000362s ]
INFO: [ template_filter ] --END-- [ RunTime:0.000580s ]
NOTIC: [8] Undefined variable: msg D:\wamp64\www\mzz\Application\Runtime\Cache\Admin\391c4ee6004eaf4198425d841c3c95d1.php 第 62 行.
NOTIC: [2] Illegal string offset 'cata_id' D:\wamp64\www\mzz\Application\Runtime\Cache\Admin\391c4ee6004eaf4198425d841c3c95d1.php 第 72 行.
INFO: Run Behavior\ParseTemplateBehavior [ RunTime:0.015526s ]
INFO: [ view_parse ] --END-- [ RunTime:0.015682s ]
INFO: [ view_filter ] --START--
INFO: Run Behavior\WriteHtmlCacheBehavior [ RunTime:0.001209s ]
INFO: [ view_filter ] --END-- [ RunTime:0.001496s ]
INFO: [ app_end ] --START--
INFO: Run Behavior\ShowPageTraceBehavior [ RunTime:0.001183s ]
INFO: [ app_end ] --END-- [ RunTime:0.001409s ]

[ 2018-08-31T14:28:32+08:00 ] ::1 /mzz/index.php?m=Admin&c=Goods&a=modify&id=26
INFO: [ app_init ] --START--
INFO: Run Behavior\BuildLiteBehavior [ RunTime:0.000050s ]
INFO: [ app_init ] --END-- [ RunTime:0.001064s ]
INFO: [ app_begin ] --START--
INFO: Run Behavior\ReadHtmlCacheBehavior [ RunTime:0.004823s ]
INFO: [ app_begin ] --END-- [ RunTime:0.005899s ]
SQL: SHOW COLUMNS FROM `goods_item` [ RunTime:0.0009s ]
SQL: SELECT * FROM `goods_item` WHERE ( id='26' ) LIMIT 1   [ RunTime:0.0005s ]
SQL: SHOW COLUMNS FROM `goods_cata` [ RunTime:0.0007s ]
SQL: SELECT * FROM `goods_cata`  [ RunTime:0.0005s ]
INFO: [ view_parse ] --START--
INFO: [ template_filter ] --START--
INFO: Run Behavior\ContentReplaceBehavior [ RunTime:0.000290s ]
INFO: [ template_filter ] --END-- [ RunTime:0.000483s ]
NOTIC: [8] Undefined variable: msg D:\wamp64\www\mzz\Application\Runtime\Cache\Admin\391c4ee6004eaf4198425d841c3c95d1.php 第 62 行.
NOTIC: [2] Illegal string offset 'cata_id' D:\wamp64\www\mzz\Application\Runtime\Cache\Admin\391c4ee6004eaf4198425d841c3c95d1.php 第 72 行.
INFO: Run Behavior\ParseTemplateBehavior [ RunTime:0.012159s ]
INFO: [ view_parse ] --END-- [ RunTime:0.012339s ]
INFO: [ view_filter ] --START--
INFO: Run Behavior\WriteHtmlCacheBehavior [ RunTime:0.000775s ]
INFO: [ view_filter ] --END-- [ RunTime:0.000935s ]
INFO: [ app_end ] --START--
INFO: Run Behavior\ShowPageTraceBehavior [ RunTime:0.000858s ]
INFO: [ app_end ] --END-- [ RunTime:0.000992s ]

[ 2018-08-31T14:28:32+08:00 ] ::1 /mzz/index.php?m=Admin&c=Goods&a=modify&id=26
INFO: [ app_init ] --START--
INFO: Run Behavior\BuildLiteBehavior [ RunTime:0.000022s ]
INFO: [ app_init ] --END-- [ RunTime:0.000612s ]
INFO: [ app_begin ] --START--
INFO: Run Behavior\ReadHtmlCacheBehavior [ RunTime:0.000768s ]
INFO: [ app_begin ] --END-- [ RunTime:0.000926s ]
SQL: SHOW COLUMNS FROM `goods_item` [ RunTime:0.0007s ]
SQL: SELECT * FROM `goods_item` WHERE ( id='26' ) LIMIT 1   [ RunTime:0.0004s ]
SQL: SHOW COLUMNS FROM `goods_cata` [ RunTime:0.0005s ]
SQL: SELECT * FROM `goods_cata`  [ RunTime:0.0003s ]
INFO: [ view_parse ] --START--
INFO: [ template_filter ] --START--
INFO: Run Behavior\ContentReplaceBehavior [ RunTime:0.000173s ]
INFO: [ template_filter ] --END-- [ RunTime:0.000295s ]
NOTIC: [8] Undefined variable: msg D:\wamp64\www\mzz\Application\Runtime\Cache\Admin\391c4ee6004eaf4198425d841c3c95d1.php 第 62 行.
NOTIC: [2] Illegal string offset 'cata_id' D:\wamp64\www\mzz\Application\Runtime\Cache\Admin\391c4ee6004eaf4198425d841c3c95d1.php 第 72 行.
INFO: Run Behavior\ParseTemplateBehavior [ RunTime:0.011892s ]
INFO: [ view_parse ] --END-- [ RunTime:0.012027s ]
INFO: [ view_filter ] --START--
INFO: Run Behavior\WriteHtmlCacheBehavior [ RunTime:0.000654s ]
INFO: [ view_filter ] --END-- [ RunTime:0.000784s ]
INFO: [ app_end ] --START--
INFO: Run Behavior\ShowPageTraceBehavior [ RunTime:0.001136s ]
INFO: [ app_end ] --END-- [ RunTime:0.001258s ]

[ 2018-08-31T14:30:56+08:00 ] ::1 /mzz/index.php?m=Admin&c=Goods&a=modify&id=26
INFO: [ app_init ] --START--
INFO: Run Behavior\BuildLiteBehavior [ RunTime:0.000026s ]
INFO: [ app_init ] --END-- [ RunTime:0.000672s ]
INFO: [ app_begin ] --START--
INFO: Run Behavior\ReadHtmlCacheBehavior [ RunTime:0.001009s ]
INFO: [ app_begin ] --END-- [ RunTime:0.001199s ]
SQL: SHOW COLUMNS FROM `goods_item` [ RunTime:0.0008s ]
SQL: SELECT * FROM `goods_item` WHERE ( id='26' ) LIMIT 1   [ RunTime:0.0005s ]
SQL: SHOW COLUMNS FROM `goods_cata` [ RunTime:0.0006s ]
SQL: SELECT * FROM `goods_cata`  [ RunTime:0.0003s ]
INFO: [ view_parse ] --START--
INFO: [ template_filter ] --START--
INFO: Run Behavior\ContentReplaceBehavior [ RunTime:0.000334s ]
INFO: [ template_filter ] --END-- [ RunTime:0.000544s ]
NOTIC: [8] Undefined variable: msg D:\wamp64\www\mzz\Application\Runtime\Cache\Admin\391c4ee6004eaf4198425d841c3c95d1.php 第 62 行.
NOTIC: [2] Illegal string offset 'cata_id' D:\wamp64\www\mzz\Application\Runtime\Cache\Admin\391c4ee6004eaf4198425d841c3c95d1.php 第 72 行.
INFO: Run Behavior\ParseTemplateBehavior [ RunTime:0.013903s ]
INFO: [ view_parse ] --END-- [ RunTime:0.014014s ]
INFO: [ view_filter ] --START--
INFO: Run Behavior\WriteHtmlCacheBehavior [ RunTime:0.000517s ]
INFO: [ view_filter ] --END-- [ RunTime:0.000611s ]
INFO: [ app_end ] --START--
INFO: Run Behavior\ShowPageTraceBehavior [ RunTime:0.000946s ]
INFO: [ app_end ] --END-- [ RunTime:0.001116s ]

[ 2018-08-31T14:32:57+08:00 ] ::1 /mzz/index.php?m=Admin&c=Goods&a=modify&id=26
INFO: [ app_init ] --START--
INFO: Run Behavior\BuildLiteBehavior [ RunTime:0.000035s ]
INFO: [ app_init ] --END-- [ RunTime:0.000738s ]
INFO: [ app_begin ] --START--
INFO: Run Behavior\ReadHtmlCacheBehavior [ RunTime:0.000767s ]
INFO: [ app_begin ] --END-- [ RunTime:0.000900s ]
SQL: SHOW COLUMNS FROM `goods_item` [ RunTime:0.0007s ]
SQL: SELECT * FROM `goods_item` WHERE ( id='26' ) LIMIT 1   [ RunTime:0.0004s ]
SQL: SHOW COLUMNS FROM `goods_cata` [ RunTime:0.0005s ]
SQL: SELECT * FROM `goods_cata`  [ RunTime:0.0003s ]
INFO: [ view_parse ] --START--
INFO: [ template_filter ] --START--
INFO: Run Behavior\ContentReplaceBehavior [ RunTime:0.000410s ]
INFO: [ template_filter ] --END-- [ RunTime:0.000728s ]
NOTIC: [8] Undefined variable: msg D:\wamp64\www\mzz\Application\Runtime\Cache\Admin\391c4ee6004eaf4198425d841c3c95d1.php 第 63 行.
NOTIC: [2] Illegal string offset 'cata_id' D:\wamp64\www\mzz\Application\Runtime\Cache\Admin\391c4ee6004eaf4198425d841c3c95d1.php 第 73 行.
INFO: Run Behavior\ParseTemplateBehavior [ RunTime:0.010927s ]
INFO: [ view_parse ] --END-- [ RunTime:0.011089s ]
INFO: [ view_filter ] --START--
INFO: Run Behavior\WriteHtmlCacheBehavior [ RunTime:0.000850s ]
INFO: [ view_filter ] --END-- [ RunTime:0.000983s ]
INFO: [ app_end ] --START--
INFO: Run Behavior\ShowPageTraceBehavior [ RunTime:0.001007s ]
INFO: [ app_end ] --END-- [ RunTime:0.001169s ]

[ 2018-08-31T14:34:21+08:00 ] ::1 /mzz/index.php?m=Admin&c=Goods&a=modify&id=26
INFO: [ app_init ] --START--
INFO: Run Behavior\BuildLiteBehavior [ RunTime:0.000027s ]
INFO: [ app_init ] --END-- [ RunTime:0.000903s ]
INFO: [ app_begin ] --START--
INFO: Run Behavior\ReadHtmlCacheBehavior [ RunTime:0.000793s ]
INFO: [ app_begin ] --END-- [ RunTime:0.000936s ]
SQL: SHOW COLUMNS FROM `goods_item` [ RunTime:0.0009s ]
SQL: SELECT * FROM `goods_item` WHERE ( id='26' ) LIMIT 1   [ RunTime:0.0116s ]
SQL: SHOW COLUMNS FROM `goods_cata` [ RunTime:0.0011s ]
SQL: SELECT * FROM `goods_cata`  [ RunTime:0.0085s ]
INFO: [ view_parse ] --START--
INFO: [ template_filter ] --START--
INFO: Run Behavior\ContentReplaceBehavior [ RunTime:0.000172s ]
INFO: [ template_filter ] --END-- [ RunTime:0.000286s ]
NOTIC: [8] Undefined variable: msg D:\wamp64\www\mzz\Application\Runtime\Cache\Admin\391c4ee6004eaf4198425d841c3c95d1.php 第 63 行.
NOTIC: [2] Illegal string offset 'cata_id' D:\wamp64\www\mzz\Application\Runtime\Cache\Admin\391c4ee6004eaf4198425d841c3c95d1.php 第 73 行.
INFO: Run Behavior\ParseTemplateBehavior [ RunTime:0.010997s ]
INFO: [ view_parse ] --END-- [ RunTime:0.011355s ]
INFO: [ view_filter ] --START--
INFO: Run Behavior\WriteHtmlCacheBehavior [ RunTime:0.000778s ]
INFO: [ view_filter ] --END-- [ RunTime:0.000925s ]
INFO: [ app_end ] --START--
INFO: Run Behavior\ShowPageTraceBehavior [ RunTime:0.001251s ]
INFO: [ app_end ] --END-- [ RunTime:0.001444s ]

[ 2018-08-31T14:36:38+08:00 ] ::1 /mzz/index.php?m=Admin&c=Goods&a=modify&id=26
INFO: [ app_init ] --START--
INFO: Run Behavior\BuildLiteBehavior [ RunTime:0.000024s ]
INFO: [ app_init ] --END-- [ RunTime:0.000562s ]
INFO: [ app_begin ] --START--
INFO: Run Behavior\ReadHtmlCacheBehavior [ RunTime:0.000634s ]
INFO: [ app_begin ] --END-- [ RunTime:0.000750s ]
SQL: SHOW COLUMNS FROM `goods_item` [ RunTime:0.0006s ]
SQL: SELECT * FROM `goods_item` WHERE ( id='26' ) LIMIT 1   [ RunTime:0.0004s ]
SQL: SHOW COLUMNS FROM `goods_cata` [ RunTime:0.0006s ]
SQL: SELECT * FROM `goods_cata`  [ RunTime:0.0004s ]
INFO: [ view_parse ] --START--
INFO: [ template_filter ] --START--
INFO: Run Behavior\ContentReplaceBehavior [ RunTime:0.000181s ]
INFO: [ template_filter ] --END-- [ RunTime:0.000326s ]
NOTIC: [8] Undefined variable: msg D:\wamp64\www\mzz\Application\Runtime\Cache\Admin\391c4ee6004eaf4198425d841c3c95d1.php 第 63 行.
NOTIC: [2] Illegal string offset 'cata_id' D:\wamp64\www\mzz\Application\Runtime\Cache\Admin\391c4ee6004eaf4198425d841c3c95d1.php 第 73 行.
INFO: Run Behavior\ParseTemplateBehavior [ RunTime:0.009109s ]
INFO: [ view_parse ] --END-- [ RunTime:0.009248s ]
INFO: [ view_filter ] --START--
INFO: Run Behavior\WriteHtmlCacheBehavior [ RunTime:0.000608s ]
INFO: [ view_filter ] --END-- [ RunTime:0.000720s ]
INFO: [ app_end ] --START--
INFO: Run Behavior\ShowPageTraceBehavior [ RunTime:0.001166s ]
INFO: [ app_end ] --END-- [ RunTime:0.001332s ]

[ 2018-08-31T14:37:04+08:00 ] ::1 /mzz/index.php?m=Admin&c=Goods&a=modify&id=26
INFO: [ app_init ] --START--
INFO: Run Behavior\BuildLiteBehavior [ RunTime:0.000040s ]
INFO: [ app_init ] --END-- [ RunTime:0.000921s ]
INFO: [ app_begin ] --START--
INFO: Run Behavior\ReadHtmlCacheBehavior [ RunTime:0.002188s ]
INFO: [ app_begin ] --END-- [ RunTime:0.002395s ]
SQL: SHOW COLUMNS FROM `goods_item` [ RunTime:0.0008s ]
SQL: SELECT * FROM `goods_item` WHERE ( id='26' ) LIMIT 1   [ RunTime:0.0005s ]
SQL: SHOW COLUMNS FROM `goods_cata` [ RunTime:0.0006s ]
SQL: SELECT * FROM `goods_cata`  [ RunTime:0.0004s ]
INFO: [ view_parse ] --START--
INFO: [ template_filter ] --START--
INFO: Run Behavior\ContentReplaceBehavior [ RunTime:0.000277s ]
INFO: [ template_filter ] --END-- [ RunTime:0.000410s ]
NOTIC: [8] Undefined variable: msg D:\wamp64\www\mzz\Application\Runtime\Cache\Admin\391c4ee6004eaf4198425d841c3c95d1.php 第 63 行.
NOTIC: [2] Illegal string offset 'cata_id' D:\wamp64\www\mzz\Application\Runtime\Cache\Admin\391c4ee6004eaf4198425d841c3c95d1.php 第 73 行.
INFO: Run Behavior\ParseTemplateBehavior [ RunTime:0.014180s ]
INFO: [ view_parse ] --END-- [ RunTime:0.014357s ]
INFO: [ view_filter ] --START--
INFO: Run Behavior\WriteHtmlCacheBehavior [ RunTime:0.000689s ]
INFO: [ view_filter ] --END-- [ RunTime:0.000810s ]
INFO: [ app_end ] --START--
INFO: Run Behavior\ShowPageTraceBehavior [ RunTime:0.001023s ]
INFO: [ app_end ] --END-- [ RunTime:0.001144s ]

[ 2018-08-31T14:37:04+08:00 ] ::1 /mzz/index.php?m=Admin&c=Goods&a=modify&id=26
INFO: [ app_init ] --START--
INFO: Run Behavior\BuildLiteBehavior [ RunTime:0.000035s ]
INFO: [ app_init ] --END-- [ RunTime:0.000644s ]
INFO: [ app_begin ] --START--
INFO: Run Behavior\ReadHtmlCacheBehavior [ RunTime:0.000901s ]
INFO: [ app_begin ] --END-- [ RunTime:0.001078s ]
SQL: SHOW COLUMNS FROM `goods_item` [ RunTime:0.0016s ]
SQL: SELECT * FROM `goods_item` WHERE ( id='26' ) LIMIT 1   [ RunTime:0.0005s ]
SQL: SHOW COLUMNS FROM `goods_cata` [ RunTime:0.0006s ]
SQL: SELECT * FROM `goods_cata`  [ RunTime:0.0004s ]
INFO: [ view_parse ] --START--
INFO: [ template_filter ] --START--
INFO: Run Behavior\ContentReplaceBehavior [ RunTime:0.000187s ]
INFO: [ template_filter ] --END-- [ RunTime:0.000321s ]
NOTIC: [8] Undefined variable: msg D:\wamp64\www\mzz\Application\Runtime\Cache\Admin\391c4ee6004eaf4198425d841c3c95d1.php 第 63 行.
NOTIC: [2] Illegal string offset 'cata_id' D:\wamp64\www\mzz\Application\Runtime\Cache\Admin\391c4ee6004eaf4198425d841c3c95d1.php 第 73 行.
INFO: Run Behavior\ParseTemplateBehavior [ RunTime:0.011407s ]
INFO: [ view_parse ] --END-- [ RunTime:0.011624s ]
INFO: [ view_filter ] --START--
INFO: Run Behavior\WriteHtmlCacheBehavior [ RunTime:0.000683s ]
INFO: [ view_filter ] --END-- [ RunTime:0.000795s ]
INFO: [ app_end ] --START--
INFO: Run Behavior\ShowPageTraceBehavior [ RunTime:0.000876s ]
INFO: [ app_end ] --END-- [ RunTime:0.001023s ]

[ 2018-08-31T14:37:58+08:00 ] ::1 /mzz/index.php?m=Admin&c=Goods&a=modify&id=26
INFO: [ app_init ] --START--
INFO: Run Behavior\BuildLiteBehavior [ RunTime:0.000051s ]
INFO: [ app_init ] --END-- [ RunTime:0.000632s ]
INFO: [ app_begin ] --START--
INFO: Run Behavior\ReadHtmlCacheBehavior [ RunTime:0.000772s ]
INFO: [ app_begin ] --END-- [ RunTime:0.000906s ]
SQL: SHOW COLUMNS FROM `goods_item` [ RunTime:0.0007s ]
SQL: SELECT * FROM `goods_item` WHERE ( id='26' ) LIMIT 1   [ RunTime:0.0004s ]
SQL: SHOW COLUMNS FROM `goods_cata` [ RunTime:0.0007s ]
SQL: SELECT * FROM `goods_cata`  [ RunTime:0.0004s ]
INFO: [ view_parse ] --START--
INFO: [ template_filter ] --START--
INFO: Run Behavior\ContentReplaceBehavior [ RunTime:0.000181s ]
INFO: [ template_filter ] --END-- [ RunTime:0.000321s ]
NOTIC: [8] Undefined variable: msg D:\wamp64\www\mzz\Application\Runtime\Cache\Admin\391c4ee6004eaf4198425d841c3c95d1.php 第 63 行.
NOTIC: [2] Illegal string offset 'cata_id' D:\wamp64\www\mzz\Application\Runtime\Cache\Admin\391c4ee6004eaf4198425d841c3c95d1.php 第 73 行.
INFO: Run Behavior\ParseTemplateBehavior [ RunTime:0.010585s ]
INFO: [ view_parse ] --END-- [ RunTime:0.010734s ]
INFO: [ view_filter ] --START--
INFO: Run Behavior\WriteHtmlCacheBehavior [ RunTime:0.000850s ]
INFO: [ view_filter ] --END-- [ RunTime:0.000978s ]
INFO: [ app_end ] --START--
INFO: Run Behavior\ShowPageTraceBehavior [ RunTime:0.000933s ]
INFO: [ app_end ] --END-- [ RunTime:0.001101s ]

[ 2018-08-31T14:38:22+08:00 ] ::1 /mzz/index.php?m=Admin&c=Goods&a=modify&id=26
INFO: [ app_init ] --START--
INFO: Run Behavior\BuildLiteBehavior [ RunTime:0.000023s ]
INFO: [ app_init ] --END-- [ RunTime:0.000610s ]
INFO: [ app_begin ] --START--
INFO: Run Behavior\ReadHtmlCacheBehavior [ RunTime:0.000740s ]
INFO: [ app_begin ] --END-- [ RunTime:0.000856s ]
SQL: SHOW COLUMNS FROM `goods_item` [ RunTime:0.0079s ]
SQL: SELECT * FROM `goods_item` WHERE ( id='26' ) LIMIT 1   [ RunTime:0.0008s ]
SQL: SHOW COLUMNS FROM `goods_cata` [ RunTime:0.0004s ]
SQL: SELECT * FROM `goods_cata`  [ RunTime:0.0003s ]
INFO: [ view_parse ] --START--
INFO: [ template_filter ] --START--
INFO: Run Behavior\ContentReplaceBehavior [ RunTime:0.000397s ]
INFO: [ template_filter ] --END-- [ RunTime:0.000584s ]
NOTIC: [8] Undefined variable: msg D:\wamp64\www\mzz\Application\Runtime\Cache\Admin\391c4ee6004eaf4198425d841c3c95d1.php 第 63 行.
NOTIC: [2] Illegal string offset 'cata_id' D:\wamp64\www\mzz\Application\Runtime\Cache\Admin\391c4ee6004eaf4198425d841c3c95d1.php 第 73 行.
INFO: Run Behavior\ParseTemplateBehavior [ RunTime:0.014082s ]
INFO: [ view_parse ] --END-- [ RunTime:0.014192s ]
INFO: [ view_filter ] --START--
INFO: Run Behavior\WriteHtmlCacheBehavior [ RunTime:0.000647s ]
INFO: [ view_filter ] --END-- [ RunTime:0.000751s ]
INFO: [ app_end ] --START--
INFO: Run Behavior\ShowPageTraceBehavior [ RunTime:0.001263s ]
INFO: [ app_end ] --END-- [ RunTime:0.001421s ]

[ 2018-08-31T14:39:23+08:00 ] ::1 /mzz/index.php?m=Admin&c=Goods&a=modify&id=26
INFO: [ app_init ] --START--
INFO: Run Behavior\BuildLiteBehavior [ RunTime:0.000039s ]
INFO: [ app_init ] --END-- [ RunTime:0.001275s ]
INFO: [ app_begin ] --START--
INFO: Run Behavior\ReadHtmlCacheBehavior [ RunTime:0.000842s ]
INFO: [ app_begin ] --END-- [ RunTime:0.000964s ]
SQL: SHOW COLUMNS FROM `goods_item` [ RunTime:0.0008s ]
SQL: SELECT * FROM `goods_item` WHERE ( id='26' ) LIMIT 1   [ RunTime:0.0004s ]
SQL: SHOW COLUMNS FROM `goods_cata` [ RunTime:0.0008s ]
SQL: SELECT * FROM `goods_cata`  [ RunTime:0.0004s ]
INFO: [ view_parse ] --START--
INFO: [ template_filter ] --START--
INFO: Run Behavior\ContentReplaceBehavior [ RunTime:0.000265s ]
INFO: [ template_filter ] --END-- [ RunTime:0.000448s ]
NOTIC: [8] Undefined variable: msg D:\wamp64\www\mzz\Application\Runtime\Cache\Admin\391c4ee6004eaf4198425d841c3c95d1.php 第 63 行.
NOTIC: [2] Illegal string offset 'cata_id' D:\wamp64\www\mzz\Application\Runtime\Cache\Admin\391c4ee6004eaf4198425d841c3c95d1.php 第 73 行.
INFO: Run Behavior\ParseTemplateBehavior [ RunTime:0.012724s ]
INFO: [ view_parse ] --END-- [ RunTime:0.012833s ]
INFO: [ view_filter ] --START--
INFO: Run Behavior\WriteHtmlCacheBehavior [ RunTime:0.000513s ]
INFO: [ view_filter ] --END-- [ RunTime:0.000610s ]
INFO: [ app_end ] --START--
INFO: Run Behavior\ShowPageTraceBehavior [ RunTime:0.000859s ]
INFO: [ app_end ] --END-- [ RunTime:0.001048s ]

[ 2018-08-31T14:39:47+08:00 ] ::1 /mzz/index.php?m=Admin&c=Goods&a=modify&id=26
INFO: [ app_init ] --START--
INFO: Run Behavior\BuildLiteBehavior [ RunTime:0.000063s ]
INFO: [ app_init ] --END-- [ RunTime:0.000887s ]
INFO: [ app_begin ] --START--
INFO: Run Behavior\ReadHtmlCacheBehavior [ RunTime:0.000735s ]
INFO: [ app_begin ] --END-- [ RunTime:0.000855s ]
SQL: SHOW COLUMNS FROM `goods_item` [ RunTime:0.0007s ]
SQL: SELECT * FROM `goods_item` WHERE ( id='26' ) LIMIT 1   [ RunTime:0.0003s ]
SQL: SHOW COLUMNS FROM `goods_cata` [ RunTime:0.0010s ]
SQL: SELECT * FROM `goods_cata`  [ RunTime:0.0006s ]
INFO: [ view_parse ] --START--
INFO: [ template_filter ] --START--
INFO: Run Behavior\ContentReplaceBehavior [ RunTime:0.000293s ]
INFO: [ template_filter ] --END-- [ RunTime:0.000455s ]
NOTIC: [8] Undefined variable: msg D:\wamp64\www\mzz\Application\Runtime\Cache\Admin\391c4ee6004eaf4198425d841c3c95d1.php 第 63 行.
NOTIC: [2] Illegal string offset 'cata_id' D:\wamp64\www\mzz\Application\Runtime\Cache\Admin\391c4ee6004eaf4198425d841c3c95d1.php 第 73 行.
INFO: Run Behavior\ParseTemplateBehavior [ RunTime:0.010503s ]
INFO: [ view_parse ] --END-- [ RunTime:0.010631s ]
INFO: [ view_filter ] --START--
INFO: Run Behavior\WriteHtmlCacheBehavior [ RunTime:0.000600s ]
INFO: [ view_filter ] --END-- [ RunTime:0.000708s ]
INFO: [ app_end ] --START--
INFO: Run Behavior\ShowPageTraceBehavior [ RunTime:0.000938s ]
INFO: [ app_end ] --END-- [ RunTime:0.001065s ]

[ 2018-08-31T14:40:17+08:00 ] ::1 /mzz/index.php?m=Admin&c=Goods&a=modify&id=26
INFO: [ app_init ] --START--
INFO: Run Behavior\BuildLiteBehavior [ RunTime:0.000022s ]
INFO: [ app_init ] --END-- [ RunTime:0.000626s ]
INFO: [ app_begin ] --START--
INFO: Run Behavior\ReadHtmlCacheBehavior [ RunTime:0.001692s ]
INFO: [ app_begin ] --END-- [ RunTime:0.001869s ]
SQL: SHOW COLUMNS FROM `goods_item` [ RunTime:0.0006s ]
SQL: SELECT * FROM `goods_item` WHERE ( id='26' ) LIMIT 1   [ RunTime:0.0005s ]
SQL: SHOW COLUMNS FROM `goods_cata` [ RunTime:0.0009s ]
SQL: SELECT * FROM `goods_cata`  [ RunTime:0.0004s ]
INFO: [ view_parse ] --START--
INFO: [ template_filter ] --START--
INFO: Run Behavior\ContentReplaceBehavior [ RunTime:0.000260s ]
INFO: [ template_filter ] --END-- [ RunTime:0.000388s ]
NOTIC: [8] Undefined variable: msg D:\wamp64\www\mzz\Application\Runtime\Cache\Admin\391c4ee6004eaf4198425d841c3c95d1.php 第 63 行.
NOTIC: [2] Illegal string offset 'cata_id' D:\wamp64\www\mzz\Application\Runtime\Cache\Admin\391c4ee6004eaf4198425d841c3c95d1.php 第 73 行.
INFO: Run Behavior\ParseTemplateBehavior [ RunTime:0.009695s ]
INFO: [ view_parse ] --END-- [ RunTime:0.009883s ]
INFO: [ view_filter ] --START--
INFO: Run Behavior\WriteHtmlCacheBehavior [ RunTime:0.000543s ]
INFO: [ view_filter ] --END-- [ RunTime:0.000634s ]
INFO: [ app_end ] --START--
INFO: Run Behavior\ShowPageTraceBehavior [ RunTime:0.001092s ]
INFO: [ app_end ] --END-- [ RunTime:0.001239s ]

[ 2018-08-31T14:56:50+08:00 ] ::1 /mzz/index.php?m=Admin&c=Goods&a=modify&id=26
INFO: [ app_init ] --START--
INFO: Run Behavior\BuildLiteBehavior [ RunTime:0.000073s ]
INFO: [ app_init ] --END-- [ RunTime:0.000967s ]
INFO: [ app_begin ] --START--
INFO: Run Behavior\ReadHtmlCacheBehavior [ RunTime:0.000749s ]
INFO: [ app_begin ] --END-- [ RunTime:0.000864s ]
SQL: SHOW COLUMNS FROM `goods_item` [ RunTime:0.0022s ]
SQL: SELECT * FROM `goods_item` WHERE ( id='26' ) LIMIT 1   [ RunTime:0.0005s ]
SQL: SHOW COLUMNS FROM `goods_cata` [ RunTime:0.0007s ]
SQL: SELECT * FROM `goods_cata`  [ RunTime:0.0004s ]
INFO: [ view_parse ] --START--
INFO: [ template_filter ] --START--
INFO: Run Behavior\ContentReplaceBehavior [ RunTime:0.000280s ]
INFO: [ template_filter ] --END-- [ RunTime:0.000464s ]
NOTIC: [8] Undefined variable: msg D:\wamp64\www\mzz\Application\Runtime\Cache\Admin\391c4ee6004eaf4198425d841c3c95d1.php 第 64 行.
NOTIC: [2] Illegal string offset 'cata_id' D:\wamp64\www\mzz\Application\Runtime\Cache\Admin\391c4ee6004eaf4198425d841c3c95d1.php 第 74 行.
INFO: Run Behavior\ParseTemplateBehavior [ RunTime:0.013288s ]
INFO: [ view_parse ] --END-- [ RunTime:0.013457s ]
INFO: [ view_filter ] --START--
INFO: Run Behavior\WriteHtmlCacheBehavior [ RunTime:0.001266s ]
INFO: [ view_filter ] --END-- [ RunTime:0.001440s ]
INFO: [ app_end ] --START--
INFO: Run Behavior\ShowPageTraceBehavior [ RunTime:0.001070s ]
INFO: [ app_end ] --END-- [ RunTime:0.001300s ]

[ 2018-08-31T14:57:00+08:00 ] ::1 /mzz/index.php?m=Admin&c=Goods&a=add
INFO: [ app_init ] --START--
INFO: Run Behavior\BuildLiteBehavior [ RunTime:0.000038s ]
INFO: [ app_init ] --END-- [ RunTime:0.000830s ]
INFO: [ app_begin ] --START--
INFO: Run Behavior\ReadHtmlCacheBehavior [ RunTime:0.000772s ]
INFO: [ app_begin ] --END-- [ RunTime:0.000888s ]
SQL: SHOW COLUMNS FROM `goods_cata` [ RunTime:0.0010s ]
SQL: SELECT * FROM `goods_cata`  [ RunTime:0.0011s ]
INFO: [ view_parse ] --START--
INFO: [ template_filter ] --START--
INFO: Run Behavior\ContentReplaceBehavior [ RunTime:0.000255s ]
INFO: [ template_filter ] --END-- [ RunTime:0.000431s ]
INFO: Run Behavior\ParseTemplateBehavior [ RunTime:0.033419s ]
INFO: [ view_parse ] --END-- [ RunTime:0.033810s ]
INFO: [ view_filter ] --START--
INFO: Run Behavior\WriteHtmlCacheBehavior [ RunTime:0.001607s ]
INFO: [ view_filter ] --END-- [ RunTime:0.001881s ]
INFO: [ app_end ] --START--
INFO: Run Behavior\ShowPageTraceBehavior [ RunTime:0.003057s ]
INFO: [ app_end ] --END-- [ RunTime:0.003973s ]

[ 2018-08-31T15:01:10+08:00 ] ::1 /mzz/index.php?m=Admin&c=Goods&a=add
INFO: [ app_init ] --START--
INFO: Run Behavior\BuildLiteBehavior [ RunTime:0.000038s ]
INFO: [ app_init ] --END-- [ RunTime:0.001237s ]
INFO: [ app_begin ] --START--
INFO: Run Behavior\ReadHtmlCacheBehavior [ RunTime:0.000715s ]
INFO: [ app_begin ] --END-- [ RunTime:0.000825s ]
SQL: SHOW COLUMNS FROM `goods_cata` [ RunTime:0.0010s ]
SQL: SELECT * FROM `goods_cata`  [ RunTime:0.0007s ]
INFO: [ view_parse ] --START--
INFO: [ template_filter ] --START--
INFO: Run Behavior\ContentReplaceBehavior [ RunTime:0.000175s ]
INFO: [ template_filter ] --END-- [ RunTime:0.000316s ]
INFO: Run Behavior\ParseTemplateBehavior [ RunTime:0.014637s ]
INFO: [ view_parse ] --END-- [ RunTime:0.014805s ]
INFO: [ view_filter ] --START--
INFO: Run Behavior\WriteHtmlCacheBehavior [ RunTime:0.000750s ]
INFO: [ view_filter ] --END-- [ RunTime:0.000879s ]
INFO: [ app_end ] --START--
INFO: Run Behavior\ShowPageTraceBehavior [ RunTime:0.000821s ]
INFO: [ app_end ] --END-- [ RunTime:0.000927s ]

[ 2018-08-31T15:04:17+08:00 ] ::1 /mzz/index.php?m=Admin&c=Goods&a=add
INFO: [ app_init ] --START--
INFO: Run Behavior\BuildLiteBehavior [ RunTime:0.000033s ]
INFO: [ app_init ] --END-- [ RunTime:0.000569s ]
INFO: [ app_begin ] --START--
INFO: Run Behavior\ReadHtmlCacheBehavior [ RunTime:0.001015s ]
INFO: [ app_begin ] --END-- [ RunTime:0.001196s ]
SQL: SHOW COLUMNS FROM `goods_spec` [ RunTime:0.0012s ]
SQL: INSERT INTO `goods_spec` (`id`,`goods_id`,`title`,`amt`,`rmb`,`points`) VALUES (NULL,'1001','100赞','100','0','0') [ RunTime:0.1159s ]
SQL: SHOW COLUMNS FROM `goods_item` [ RunTime:0.0021s ]
SQL: INSERT INTO `goods_item` (`id`,`cata_id`,`goods_id`,`logo`,`title`,`pics`,`detail`,`api_method`,`api_host`,`sort_index`,`api_fixed_params`,`api_extra_params`,`business_cata`,`online`) VALUES (NULL,'1000','1001','','免费赞',NULL,'免费赞','POST','http://service.xuanling.org/api/member','1','{\"Count\":100}','{\"Session\":\"qq\"}','QQ','1') [ RunTime:0.0004s ]
INFO: [ view_parse ] --START--
INFO: Run Behavior\ParseTemplateBehavior [ RunTime:0.007776s ]
INFO: [ view_parse ] --END-- [ RunTime:0.007942s ]
INFO: [ view_filter ] --START--
INFO: Run Behavior\WriteHtmlCacheBehavior [ RunTime:0.001087s ]
INFO: [ view_filter ] --END-- [ RunTime:0.001329s ]
SQL: SHOW COLUMNS FROM `goods_cata` [ RunTime:0.0007s ]
SQL: SELECT * FROM `goods_cata`  [ RunTime:0.0003s ]
INFO: [ view_parse ] --START--
INFO: [ template_filter ] --START--
INFO: Run Behavior\ContentReplaceBehavior [ RunTime:0.000156s ]
INFO: [ template_filter ] --END-- [ RunTime:0.000260s ]
INFO: Run Behavior\ParseTemplateBehavior [ RunTime:0.008923s ]
INFO: [ view_parse ] --END-- [ RunTime:-0.003387s ]
INFO: [ view_filter ] --START--
INFO: Run Behavior\WriteHtmlCacheBehavior [ RunTime:0.000035s ]
INFO: [ view_filter ] --END-- [ RunTime:-0.011084s ]
INFO: [ app_end ] --START--
INFO: Run Behavior\ShowPageTraceBehavior [ RunTime:0.000830s ]
INFO: [ app_end ] --END-- [ RunTime:0.000934s ]

[ 2018-08-31T15:04:23+08:00 ] ::1 /mzz/index.php?m=Admin&c=Admin&a=search_handler
INFO: [ app_init ] --START--
INFO: Run Behavior\BuildLiteBehavior [ RunTime:0.000026s ]
INFO: [ app_init ] --END-- [ RunTime:0.003669s ]
INFO: [ app_begin ] --START--
INFO: Run Behavior\ReadHtmlCacheBehavior [ RunTime:0.000834s ]
INFO: [ app_begin ] --END-- [ RunTime:0.000938s ]
SQL: SHOW COLUMNS FROM `goods_item` [ RunTime:0.0006s ]
SQL: select count(*) from goods_item where title like '%%'  [ RunTime:0.0003s ]
SQL: select id, cata_id, goods_id, title, logo, pics, detail, sort_index, online, api_extra_params, api_fixed_params,api_host, api_method, business_cata from goods_item where title like '%%' limit 0,20 [ RunTime:0.0006s ]

[ 2018-08-31T15:04:28+08:00 ] ::1 /mzz/index.php?m=Admin&c=Goods&a=modify&id=27
INFO: [ app_init ] --START--
INFO: Run Behavior\BuildLiteBehavior [ RunTime:0.000037s ]
INFO: [ app_init ] --END-- [ RunTime:0.000965s ]
INFO: [ app_begin ] --START--
INFO: Run Behavior\ReadHtmlCacheBehavior [ RunTime:0.001347s ]
INFO: [ app_begin ] --END-- [ RunTime:0.001680s ]
SQL: SHOW COLUMNS FROM `goods_item` [ RunTime:0.0010s ]
SQL: SELECT * FROM `goods_item` WHERE ( id='27' ) LIMIT 1   [ RunTime:0.0006s ]
SQL: SHOW COLUMNS FROM `goods_cata` [ RunTime:0.0009s ]
SQL: SELECT * FROM `goods_cata`  [ RunTime:0.0005s ]
INFO: [ view_parse ] --START--
INFO: [ template_filter ] --START--
INFO: Run Behavior\ContentReplaceBehavior [ RunTime:0.000310s ]
INFO: [ template_filter ] --END-- [ RunTime:0.000534s ]
NOTIC: [8] Undefined variable: msg D:\wamp64\www\mzz\Application\Runtime\Cache\Admin\391c4ee6004eaf4198425d841c3c95d1.php 第 64 行.
NOTIC: [2] Illegal string offset 'cata_id' D:\wamp64\www\mzz\Application\Runtime\Cache\Admin\391c4ee6004eaf4198425d841c3c95d1.php 第 74 行.
INFO: Run Behavior\ParseTemplateBehavior [ RunTime:0.025179s ]
INFO: [ view_parse ] --END-- [ RunTime:0.025386s ]
INFO: [ view_filter ] --START--
INFO: Run Behavior\WriteHtmlCacheBehavior [ RunTime:0.001642s ]
INFO: [ view_filter ] --END-- [ RunTime:0.001835s ]
INFO: [ app_end ] --START--
INFO: Run Behavior\ShowPageTraceBehavior [ RunTime:0.001394s ]
INFO: [ app_end ] --END-- [ RunTime:0.001600s ]

[ 2018-08-31T15:05:05+08:00 ] ::1 /mzz/index.php?m=Admin&c=Goods&a=modify&id=27
INFO: [ app_init ] --START--
INFO: Run Behavior\BuildLiteBehavior [ RunTime:0.000041s ]
INFO: [ app_init ] --END-- [ RunTime:0.000924s ]
INFO: [ app_begin ] --START--
INFO: Run Behavior\ReadHtmlCacheBehavior [ RunTime:0.001711s ]
INFO: [ app_begin ] --END-- [ RunTime:0.001882s ]
SQL: SHOW COLUMNS FROM `goods_item` [ RunTime:0.0009s ]
SQL: SELECT * FROM `goods_item` WHERE ( id='27' ) LIMIT 1   [ RunTime:0.0004s ]
SQL: SHOW COLUMNS FROM `goods_cata` [ RunTime:0.0006s ]
SQL: SELECT * FROM `goods_cata`  [ RunTime:0.0004s ]
INFO: [ view_parse ] --START--
INFO: [ template_filter ] --START--
INFO: Run Behavior\ContentReplaceBehavior [ RunTime:0.000164s ]
INFO: [ template_filter ] --END-- [ RunTime:0.000270s ]
NOTIC: [8] Undefined variable: msg D:\wamp64\www\mzz\Application\Runtime\Cache\Admin\391c4ee6004eaf4198425d841c3c95d1.php 第 64 行.
NOTIC: [2] Illegal string offset 'cata_id' D:\wamp64\www\mzz\Application\Runtime\Cache\Admin\391c4ee6004eaf4198425d841c3c95d1.php 第 74 行.
INFO: Run Behavior\ParseTemplateBehavior [ RunTime:0.009478s ]
INFO: [ view_parse ] --END-- [ RunTime:0.009599s ]
INFO: [ view_filter ] --START--
INFO: Run Behavior\WriteHtmlCacheBehavior [ RunTime:0.000676s ]
INFO: [ view_filter ] --END-- [ RunTime:0.000784s ]
INFO: [ app_end ] --START--
INFO: Run Behavior\ShowPageTraceBehavior [ RunTime:0.000867s ]
INFO: [ app_end ] --END-- [ RunTime:0.000988s ]

[ 2018-08-31T15:05:06+08:00 ] ::1 /mzz/index.php?m=Admin&c=Goods&a=modify&id=27
INFO: [ app_init ] --START--
INFO: Run Behavior\BuildLiteBehavior [ RunTime:0.000036s ]
INFO: [ app_init ] --END-- [ RunTime:0.000763s ]
INFO: [ app_begin ] --START--
INFO: Run Behavior\ReadHtmlCacheBehavior [ RunTime:0.000718s ]
INFO: [ app_begin ] --END-- [ RunTime:0.000833s ]
SQL: SHOW COLUMNS FROM `goods_item` [ RunTime:0.0006s ]
SQL: SELECT * FROM `goods_item` WHERE ( id='27' ) LIMIT 1   [ RunTime:0.0004s ]
SQL: SHOW COLUMNS FROM `goods_cata` [ RunTime:0.0005s ]
SQL: SELECT * FROM `goods_cata`  [ RunTime:0.0003s ]
INFO: [ view_parse ] --START--
INFO: [ template_filter ] --START--
INFO: Run Behavior\ContentReplaceBehavior [ RunTime:0.000166s ]
INFO: [ template_filter ] --END-- [ RunTime:0.000270s ]
NOTIC: [8] Undefined variable: msg D:\wamp64\www\mzz\Application\Runtime\Cache\Admin\391c4ee6004eaf4198425d841c3c95d1.php 第 64 行.
NOTIC: [2] Illegal string offset 'cata_id' D:\wamp64\www\mzz\Application\Runtime\Cache\Admin\391c4ee6004eaf4198425d841c3c95d1.php 第 74 行.
INFO: Run Behavior\ParseTemplateBehavior [ RunTime:0.008365s ]
INFO: [ view_parse ] --END-- [ RunTime:0.008483s ]
INFO: [ view_filter ] --START--
INFO: Run Behavior\WriteHtmlCacheBehavior [ RunTime:0.000594s ]
INFO: [ view_filter ] --END-- [ RunTime:0.000692s ]
INFO: [ app_end ] --START--
INFO: Run Behavior\ShowPageTraceBehavior [ RunTime:0.002118s ]
INFO: [ app_end ] --END-- [ RunTime:0.002482s ]

[ 2018-08-31T15:05:06+08:00 ] ::1 /mzz/index.php?m=Admin&c=Goods&a=modify&id=27
INFO: [ app_init ] --START--
INFO: Run Behavior\BuildLiteBehavior [ RunTime:0.000025s ]
INFO: [ app_init ] --END-- [ RunTime:0.000570s ]
INFO: [ app_begin ] --START--
INFO: Run Behavior\ReadHtmlCacheBehavior [ RunTime:0.000668s ]
INFO: [ app_begin ] --END-- [ RunTime:0.000778s ]
SQL: SHOW COLUMNS FROM `goods_item` [ RunTime:0.0006s ]
SQL: SELECT * FROM `goods_item` WHERE ( id='27' ) LIMIT 1   [ RunTime:0.0003s ]
SQL: SHOW COLUMNS FROM `goods_cata` [ RunTime:0.0005s ]
SQL: SELECT * FROM `goods_cata`  [ RunTime:0.0004s ]
INFO: [ view_parse ] --START--
INFO: [ template_filter ] --START--
INFO: Run Behavior\ContentReplaceBehavior [ RunTime:0.000197s ]
INFO: [ template_filter ] --END-- [ RunTime:0.000304s ]
NOTIC: [8] Undefined variable: msg D:\wamp64\www\mzz\Application\Runtime\Cache\Admin\391c4ee6004eaf4198425d841c3c95d1.php 第 64 行.
NOTIC: [2] Illegal string offset 'cata_id' D:\wamp64\www\mzz\Application\Runtime\Cache\Admin\391c4ee6004eaf4198425d841c3c95d1.php 第 74 行.
INFO: Run Behavior\ParseTemplateBehavior [ RunTime:0.008599s ]
INFO: [ view_parse ] --END-- [ RunTime:0.008730s ]
INFO: [ view_filter ] --START--
INFO: Run Behavior\WriteHtmlCacheBehavior [ RunTime:0.000578s ]
INFO: [ view_filter ] --END-- [ RunTime:0.000692s ]
INFO: [ app_end ] --START--
INFO: Run Behavior\ShowPageTraceBehavior [ RunTime:0.000937s ]
INFO: [ app_end ] --END-- [ RunTime:0.001079s ]

[ 2018-08-31T15:05:07+08:00 ] ::1 /mzz/index.php?m=Admin&c=Goods&a=modify&id=27
INFO: [ app_init ] --START--
INFO: Run Behavior\BuildLiteBehavior [ RunTime:0.000022s ]
INFO: [ app_init ] --END-- [ RunTime:0.000541s ]
INFO: [ app_begin ] --START--
INFO: Run Behavior\ReadHtmlCacheBehavior [ RunTime:0.000703s ]
INFO: [ app_begin ] --END-- [ RunTime:0.000821s ]
SQL: SHOW COLUMNS FROM `goods_item` [ RunTime:0.0006s ]
SQL: SELECT * FROM `goods_item` WHERE ( id='27' ) LIMIT 1   [ RunTime:0.0004s ]
SQL: SHOW COLUMNS FROM `goods_cata` [ RunTime:0.0007s ]
SQL: SELECT * FROM `goods_cata`  [ RunTime:0.0004s ]
INFO: [ view_parse ] --START--
INFO: [ template_filter ] --START--
INFO: Run Behavior\ContentReplaceBehavior [ RunTime:0.000197s ]
INFO: [ template_filter ] --END-- [ RunTime:0.000309s ]
NOTIC: [8] Undefined variable: msg D:\wamp64\www\mzz\Application\Runtime\Cache\Admin\391c4ee6004eaf4198425d841c3c95d1.php 第 64 行.
NOTIC: [2] Illegal string offset 'cata_id' D:\wamp64\www\mzz\Application\Runtime\Cache\Admin\391c4ee6004eaf4198425d841c3c95d1.php 第 74 行.
INFO: Run Behavior\ParseTemplateBehavior [ RunTime:0.009362s ]
INFO: [ view_parse ] --END-- [ RunTime:0.009485s ]
INFO: [ view_filter ] --START--
INFO: Run Behavior\WriteHtmlCacheBehavior [ RunTime:0.000534s ]
INFO: [ view_filter ] --END-- [ RunTime:0.000628s ]
INFO: [ app_end ] --START--
INFO: Run Behavior\ShowPageTraceBehavior [ RunTime:0.000834s ]
INFO: [ app_end ] --END-- [ RunTime:0.000945s ]

[ 2018-08-31T15:06:31+08:00 ] ::1 /mzz/index.php?m=Admin&c=Goods&a=del_ajax
INFO: [ app_init ] --START--
INFO: Run Behavior\BuildLiteBehavior [ RunTime:0.000022s ]
INFO: [ app_init ] --END-- [ RunTime:0.000493s ]
INFO: [ app_begin ] --START--
INFO: Run Behavior\ReadHtmlCacheBehavior [ RunTime:0.000791s ]
INFO: [ app_begin ] --END-- [ RunTime:0.000946s ]
SQL: SHOW COLUMNS FROM `goods_item` [ RunTime:0.0007s ]
SQL: DELETE FROM `goods_item` WHERE ( id='27' ) [ RunTime:0.0716s ]

[ 2018-08-31T15:06:34+08:00 ] ::1 /mzz/index.php?m=Admin&c=Admin&a=search_handler
INFO: [ app_init ] --START--
INFO: Run Behavior\BuildLiteBehavior [ RunTime:0.000023s ]
INFO: [ app_init ] --END-- [ RunTime:0.000586s ]
INFO: [ app_begin ] --START--
INFO: Run Behavior\ReadHtmlCacheBehavior [ RunTime:0.000684s ]
INFO: [ app_begin ] --END-- [ RunTime:0.000779s ]
SQL: SHOW COLUMNS FROM `goods_item` [ RunTime:0.0006s ]
SQL: select count(*) from goods_item where title like '%%'  [ RunTime:0.0003s ]
SQL: select id, cata_id, goods_id, title, logo, pics, detail, sort_index, online, api_extra_params, api_fixed_params,api_host, api_method, business_cata from goods_item where title like '%%' limit 0,20 [ RunTime:0.0005s ]

[ 2018-08-31T15:06:36+08:00 ] ::1 /mzz/index.php?m=Admin&c=Goods&a=add
INFO: [ app_init ] --START--
INFO: Run Behavior\BuildLiteBehavior [ RunTime:0.000042s ]
INFO: [ app_init ] --END-- [ RunTime:0.000982s ]
INFO: [ app_begin ] --START--
INFO: Run Behavior\ReadHtmlCacheBehavior [ RunTime:0.001604s ]
INFO: [ app_begin ] --END-- [ RunTime:0.001828s ]
SQL: SHOW COLUMNS FROM `goods_cata` [ RunTime:0.0007s ]
SQL: SELECT * FROM `goods_cata`  [ RunTime:0.0004s ]
INFO: [ view_parse ] --START--
INFO: [ template_filter ] --START--
INFO: Run Behavior\ContentReplaceBehavior [ RunTime:0.000368s ]
INFO: [ template_filter ] --END-- [ RunTime:0.000707s ]
INFO: Run Behavior\ParseTemplateBehavior [ RunTime:0.018067s ]
INFO: [ view_parse ] --END-- [ RunTime:0.018271s ]
INFO: [ view_filter ] --START--
INFO: Run Behavior\WriteHtmlCacheBehavior [ RunTime:0.002637s ]
INFO: [ view_filter ] --END-- [ RunTime:0.003523s ]
INFO: [ app_end ] --START--
INFO: Run Behavior\ShowPageTraceBehavior [ RunTime:0.001222s ]
INFO: [ app_end ] --END-- [ RunTime:0.001399s ]

[ 2018-08-31T15:09:15+08:00 ] ::1 /mzz/index.php?m=Admin&c=Goods&a=add
INFO: [ app_init ] --START--
INFO: Run Behavior\BuildLiteBehavior [ RunTime:0.000023s ]
INFO: [ app_init ] --END-- [ RunTime:0.000501s ]
INFO: [ app_begin ] --START--
INFO: Run Behavior\ReadHtmlCacheBehavior [ RunTime:0.000645s ]
INFO: [ app_begin ] --END-- [ RunTime:0.000759s ]
SQL: SHOW COLUMNS FROM `goods_spec` [ RunTime:0.0006s ]
SQL: INSERT INTO `goods_spec` (`id`,`goods_id`,`title`,`amt`,`rmb`,`points`) VALUES (NULL,'1001','100赞','100','0','0') [ RunTime:0.0005s ]
SQL: SHOW COLUMNS FROM `goods_item` [ RunTime:0.0006s ]
SQL: INSERT INTO `goods_item` (`id`,`cata_id`,`goods_id`,`logo`,`title`,`pics`,`detail`,`api_method`,`api_host`,`sort_index`,`api_fixed_params`,`api_extra_params`,`business_cata`,`online`,`callback`) VALUES (NULL,'1000','1001','','免费赞',NULL,'免费的','POST','http://service.xuanling.org/api/member','1','{\"Count\":100}','{\"Session\":\"qq\"}','QQ','1','function(res) {
try {
res = JSON.parse(res);
if (res.Code == \'-1001\') return {status: 0, msg: res.Msg};
return res;
} catch(err) {
  return {
   status: 0,
  msg: \'服务器返回数据错误\'
  };
}
}') [ RunTime:0.0008s ]
INFO: [ view_parse ] --START--
INFO: Run Behavior\ParseTemplateBehavior [ RunTime:0.001617s ]
INFO: [ view_parse ] --END-- [ RunTime:0.001891s ]
INFO: [ view_filter ] --START--
INFO: Run Behavior\WriteHtmlCacheBehavior [ RunTime:0.000878s ]
INFO: [ view_filter ] --END-- [ RunTime:0.001057s ]
SQL: SHOW COLUMNS FROM `goods_cata` [ RunTime:0.0008s ]
SQL: SELECT * FROM `goods_cata`  [ RunTime:0.0007s ]
INFO: [ view_parse ] --START--
INFO: [ template_filter ] --START--
INFO: Run Behavior\ContentReplaceBehavior [ RunTime:0.000366s ]
INFO: [ template_filter ] --END-- [ RunTime:0.000567s ]
INFO: Run Behavior\ParseTemplateBehavior [ RunTime:0.018568s ]
INFO: [ view_parse ] --END-- [ RunTime:-0.004397s ]
INFO: [ view_filter ] --START--
INFO: Run Behavior\WriteHtmlCacheBehavior [ RunTime:0.000047s ]
INFO: [ view_filter ] --END-- [ RunTime:-0.022123s ]
INFO: [ app_end ] --START--
INFO: Run Behavior\ShowPageTraceBehavior [ RunTime:0.001154s ]
INFO: [ app_end ] --END-- [ RunTime:0.001296s ]

[ 2018-08-31T15:09:18+08:00 ] ::1 /mzz/index.php?m=Admin&c=Admin&a=search_handler
INFO: [ app_init ] --START--
INFO: Run Behavior\BuildLiteBehavior [ RunTime:0.000023s ]
INFO: [ app_init ] --END-- [ RunTime:0.000682s ]
INFO: [ app_begin ] --START--
INFO: Run Behavior\ReadHtmlCacheBehavior [ RunTime:0.001091s ]
INFO: [ app_begin ] --END-- [ RunTime:0.001600s ]
SQL: SHOW COLUMNS FROM `goods_item` [ RunTime:0.0006s ]
SQL: select count(*) from goods_item where title like '%%'  [ RunTime:0.0003s ]
SQL: select id, cata_id, goods_id, title, logo, pics, detail, sort_index, online, api_extra_params, api_fixed_params,api_host, api_method, business_cata from goods_item where title like '%%' limit 0,20 [ RunTime:0.0009s ]

[ 2018-08-31T15:09:21+08:00 ] ::1 /mzz/index.php?m=Admin&c=Goods&a=modify&id=28
INFO: [ app_init ] --START--
INFO: Run Behavior\BuildLiteBehavior [ RunTime:0.000040s ]
INFO: [ app_init ] --END-- [ RunTime:0.000964s ]
INFO: [ app_begin ] --START--
INFO: Run Behavior\ReadHtmlCacheBehavior [ RunTime:0.001310s ]
INFO: [ app_begin ] --END-- [ RunTime:0.001577s ]
SQL: SHOW COLUMNS FROM `goods_item` [ RunTime:0.0010s ]
SQL: SELECT * FROM `goods_item` WHERE ( id='28' ) LIMIT 1   [ RunTime:0.0005s ]
SQL: SHOW COLUMNS FROM `goods_cata` [ RunTime:0.0009s ]
SQL: SELECT * FROM `goods_cata`  [ RunTime:0.0008s ]
INFO: [ view_parse ] --START--
INFO: [ template_filter ] --START--
INFO: Run Behavior\ContentReplaceBehavior [ RunTime:0.000288s ]
INFO: [ template_filter ] --END-- [ RunTime:0.000483s ]
NOTIC: [8] Undefined variable: msg D:\wamp64\www\mzz\Application\Runtime\Cache\Admin\391c4ee6004eaf4198425d841c3c95d1.php 第 64 行.
NOTIC: [2] Illegal string offset 'cata_id' D:\wamp64\www\mzz\Application\Runtime\Cache\Admin\391c4ee6004eaf4198425d841c3c95d1.php 第 74 行.
INFO: Run Behavior\ParseTemplateBehavior [ RunTime:0.021104s ]
INFO: [ view_parse ] --END-- [ RunTime:0.021368s ]
INFO: [ view_filter ] --START--
INFO: Run Behavior\WriteHtmlCacheBehavior [ RunTime:0.001133s ]
INFO: [ view_filter ] --END-- [ RunTime:0.001403s ]
INFO: [ app_end ] --START--
INFO: Run Behavior\ShowPageTraceBehavior [ RunTime:0.004182s ]
INFO: [ app_end ] --END-- [ RunTime:0.004384s ]

[ 2018-08-31T15:22:57+08:00 ] ::1 /mzz/index.php?m=Admin&c=Goods&a=modify&id=28
INFO: [ app_init ] --START--
INFO: Run Behavior\BuildLiteBehavior [ RunTime:0.000025s ]
INFO: [ app_init ] --END-- [ RunTime:0.001960s ]
INFO: [ app_begin ] --START--
INFO: Run Behavior\ReadHtmlCacheBehavior [ RunTime:0.000643s ]
INFO: [ app_begin ] --END-- [ RunTime:0.000756s ]
SQL: SHOW COLUMNS FROM `goods_item` [ RunTime:0.0008s ]
SQL: UPDATE `goods_item` SET `cata_id`='1000',`goods_id`='1001',`title`='免费赞',`logo`='',`pics`='',`detail`='免费的',`api_method`='POST',`api_host`='http://service.xuanling.org/api/member',`api_fixed_params`='{\"Count\":\"100\"}',`api_extra_params`='{\"Session\":\"qq\"}',`callback`='function(res) {
try {
res = JSON.parse(res);
if (res.Code == \'-1001\') return {status: 0, msg: res.Msg};
return {
status: res.Code,
msg: res.Msg
};
} catch(err) {
  return {
   status: 0,
  msg: \'服务器返回数据错误\'
  };
}
}',`business_cata`='QQ' WHERE ( id='28' ) [ RunTime:0.0743s ]
SQL: SELECT * FROM `goods_item` WHERE ( id='28' ) LIMIT 1   [ RunTime:0.0005s ]
SQL: SHOW COLUMNS FROM `goods_cata` [ RunTime:0.0006s ]
SQL: SELECT * FROM `goods_cata`  [ RunTime:0.0004s ]
INFO: [ view_parse ] --START--
INFO: [ template_filter ] --START--
INFO: Run Behavior\ContentReplaceBehavior [ RunTime:0.000174s ]
INFO: [ template_filter ] --END-- [ RunTime:0.000277s ]
NOTIC: [2] Illegal string offset 'cata_id' D:\wamp64\www\mzz\Application\Runtime\Cache\Admin\391c4ee6004eaf4198425d841c3c95d1.php 第 74 行.
INFO: Run Behavior\ParseTemplateBehavior [ RunTime:0.009085s ]
INFO: [ view_parse ] --END-- [ RunTime:0.009225s ]
INFO: [ view_filter ] --START--
INFO: Run Behavior\WriteHtmlCacheBehavior [ RunTime:0.000730s ]
INFO: [ view_filter ] --END-- [ RunTime:0.000873s ]
INFO: [ app_end ] --START--
INFO: Run Behavior\ShowPageTraceBehavior [ RunTime:0.001109s ]
INFO: [ app_end ] --END-- [ RunTime:0.001272s ]

